This file contains any messages produced by compilers while
running configure, to aid debugging if configure makes a mistake.

It was created by anaconda configure 33.16.8.9, which was
generated by GNU Autoconf 2.69.  Invocation command line was

  $ ./configure --build=x86_64-redhat-linux-gnu --host=x86_64-redhat-linux-gnu --program-prefix= --disable-dependency-tracking --prefix=/usr --exec-prefix=/usr --bindir=/usr/bin --sbindir=/usr/sbin --sysconfdir=/etc --datadir=/usr/share --includedir=/usr/include --libdir=/usr/lib64 --libexecdir=/usr/libexec --localstatedir=/var --sharedstatedir=/var/lib --mandir=/usr/share/man --infodir=/usr/share/info ANACONDA_RELEASE=1.el8.rocky.0.1

## --------- ##
## Platform. ##
## --------- ##

hostname = rocky8
uname -m = x86_64
uname -r = 4.18.0-477.13.1.el8_8.x86_64
uname -s = Linux
uname -v = #1 SMP Tue May 30 22:15:39 UTC 2023

/usr/bin/uname -p = x86_64
/bin/uname -X     = unknown

/bin/arch              = x86_64
/usr/bin/arch -k       = unknown
/usr/convex/getsysinfo = unknown
/usr/bin/hostinfo      = unknown
/bin/machine           = unknown
/usr/bin/oslevel       = unknown
/bin/universe          = unknown

PATH: /usr/share/Modules/bin
PATH: /usr/local/sbin
PATH: /usr/local/bin
PATH: /usr/sbin
PATH: /usr/bin
PATH: /root/bin


## ----------- ##
## Core tests. ##
## ----------- ##

configure:2546: checking for a BSD-compatible install
configure:2614: result: /usr/bin/install -c
configure:2625: checking whether build environment is sane
configure:2680: result: yes
configure:2831: checking for a thread-safe mkdir -p
configure:2870: result: /usr/bin/mkdir -p
configure:2877: checking for gawk
configure:2893: found /usr/bin/gawk
configure:2904: result: gawk
configure:2915: checking whether make sets $(MAKE)
configure:2937: result: yes
configure:2966: checking whether make supports nested variables
configure:2983: result: yes
configure:3072: checking whether UID '0' is supported by ustar format
configure:3075: result: yes
configure:3082: checking whether GID '0' is supported by ustar format
configure:3085: result: yes
configure:3093: checking how to create a ustar tar archive
configure:3104: tar --version
tar (GNU tar) 1.30
Copyright (C) 2017 Free Software Foundation, Inc.
License GPLv3+: GNU GPL version 3 or later <https://gnu.org/licenses/gpl.html>.
This is free software: you are free to change and redistribute it.
There is NO WARRANTY, to the extent permitted by law.

Written by John Gilmore and Jay Fenlason.
configure:3107: $? = 0
configure:3147: tardir=conftest.dir && eval tar --format=ustar -chf - "$tardir" >conftest.tar
configure:3150: $? = 0
configure:3154: tar -xf - <conftest.tar
configure:3157: $? = 0
configure:3159: cat conftest.dir/file
GrepMe
configure:3162: $? = 0
configure:3175: result: gnutar
configure:3246: checking whether make supports nested variables
configure:3263: result: yes
configure:3279: checking whether make supports the include directive
configure:3294: make -f confmf.GNU && cat confinc.out
this is the am__doit target
configure:3297: $? = 0
configure:3316: result: yes (GNU style)
configure:3346: checking for x86_64-redhat-linux-gnu-gcc
configure:3376: result: no
configure:3386: checking for gcc
configure:3402: found /usr/bin/gcc
configure:3413: result: gcc
configure:3642: checking for C compiler version
configure:3651: gcc --version >&5
gcc (GCC) 8.5.0 20210514 (Red Hat 8.5.0-18)
Copyright (C) 2018 Free Software Foundation, Inc.
This is free software; see the source for copying conditions.  There is NO
warranty; not even for MERCHANTABILITY or FITNESS FOR A PARTICULAR PURPOSE.

configure:3662: $? = 0
configure:3651: gcc -v >&5
Using built-in specs.
COLLECT_GCC=gcc
COLLECT_LTO_WRAPPER=/usr/libexec/gcc/x86_64-redhat-linux/8/lto-wrapper
OFFLOAD_TARGET_NAMES=nvptx-none
OFFLOAD_TARGET_DEFAULT=1
Target: x86_64-redhat-linux
Configured with: ../configure --enable-bootstrap --enable-languages=c,c++,fortran,lto --prefix=/usr --mandir=/usr/share/man --infodir=/usr/share/info --with-bugurl=https://bugs.rockylinux.org/ --enable-shared --enable-threads=posix --enable-checking=release --enable-multilib --with-system-zlib --enable-__cxa_atexit --disable-libunwind-exceptions --enable-gnu-unique-object --enable-linker-build-id --with-gcc-major-version-only --with-linker-hash-style=gnu --enable-plugin --enable-initfini-array --with-isl --disable-libmpx --enable-offload-targets=nvptx-none --without-cuda-driver --enable-gnu-indirect-function --enable-cet --with-tune=generic --with-arch_32=x86-64 --build=x86_64-redhat-linux
Thread model: posix
gcc version 8.5.0 20210514 (Red Hat 8.5.0-18) (GCC) 
configure:3662: $? = 0
configure:3651: gcc -V >&5
gcc: error: unrecognized command line option '-V'
gcc: fatal error: no input files
compilation terminated.
configure:3662: $? = 1
configure:3651: gcc -qversion >&5
gcc: error: unrecognized command line option '-qversion'; did you mean '--version'?
gcc: fatal error: no input files
compilation terminated.
configure:3662: $? = 1
configure:3682: checking whether the C compiler works
configure:3704: gcc -O2 -g -pipe -Wall -Werror=format-security -Wp,-D_FORTIFY_SOURCE=2 -Wp,-D_GLIBCXX_ASSERTIONS -fexceptions -fstack-protector-strong -grecord-gcc-switches -specs=/usr/lib/rpm/redhat/redhat-hardened-cc1 -specs=/usr/lib/rpm/redhat/redhat-annobin-cc1 -m64 -mtune=generic -fasynchronous-unwind-tables -fstack-clash-protection -fcf-protection  -Wl,-z,relro  -Wl,-z,now -specs=/usr/lib/rpm/redhat/redhat-hardened-ld conftest.c  >&5
configure:3708: $? = 0
configure:3756: result: yes
configure:3759: checking for C compiler default output file name
configure:3761: result: a.out
configure:3767: checking for suffix of executables
configure:3774: gcc -o conftest -O2 -g -pipe -Wall -Werror=format-security -Wp,-D_FORTIFY_SOURCE=2 -Wp,-D_GLIBCXX_ASSERTIONS -fexceptions -fstack-protector-strong -grecord-gcc-switches -specs=/usr/lib/rpm/redhat/redhat-hardened-cc1 -specs=/usr/lib/rpm/redhat/redhat-annobin-cc1 -m64 -mtune=generic -fasynchronous-unwind-tables -fstack-clash-protection -fcf-protection  -Wl,-z,relro  -Wl,-z,now -specs=/usr/lib/rpm/redhat/redhat-hardened-ld conftest.c  >&5
configure:3778: $? = 0
configure:3800: result: 
configure:3822: checking whether we are cross compiling
configure:3830: gcc -o conftest -O2 -g -pipe -Wall -Werror=format-security -Wp,-D_FORTIFY_SOURCE=2 -Wp,-D_GLIBCXX_ASSERTIONS -fexceptions -fstack-protector-strong -grecord-gcc-switches -specs=/usr/lib/rpm/redhat/redhat-hardened-cc1 -specs=/usr/lib/rpm/redhat/redhat-annobin-cc1 -m64 -mtune=generic -fasynchronous-unwind-tables -fstack-clash-protection -fcf-protection  -Wl,-z,relro  -Wl,-z,now -specs=/usr/lib/rpm/redhat/redhat-hardened-ld conftest.c  >&5
configure:3834: $? = 0
configure:3841: ./conftest
configure:3845: $? = 0
configure:3860: result: no
configure:3865: checking for suffix of object files
configure:3887: gcc -c -O2 -g -pipe -Wall -Werror=format-security -Wp,-D_FORTIFY_SOURCE=2 -Wp,-D_GLIBCXX_ASSERTIONS -fexceptions -fstack-protector-strong -grecord-gcc-switches -specs=/usr/lib/rpm/redhat/redhat-hardened-cc1 -specs=/usr/lib/rpm/redhat/redhat-annobin-cc1 -m64 -mtune=generic -fasynchronous-unwind-tables -fstack-clash-protection -fcf-protection  conftest.c >&5
configure:3891: $? = 0
configure:3912: result: o
configure:3916: checking whether we are using the GNU C compiler
configure:3935: gcc -c -O2 -g -pipe -Wall -Werror=format-security -Wp,-D_FORTIFY_SOURCE=2 -Wp,-D_GLIBCXX_ASSERTIONS -fexceptions -fstack-protector-strong -grecord-gcc-switches -specs=/usr/lib/rpm/redhat/redhat-hardened-cc1 -specs=/usr/lib/rpm/redhat/redhat-annobin-cc1 -m64 -mtune=generic -fasynchronous-unwind-tables -fstack-clash-protection -fcf-protection  conftest.c >&5
configure:3935: $? = 0
configure:3944: result: yes
configure:3953: checking whether gcc accepts -g
configure:3973: gcc -c -g  conftest.c >&5
configure:3973: $? = 0
configure:4014: result: yes
configure:4031: checking for gcc option to accept ISO C89
configure:4094: gcc  -c -O2 -g -pipe -Wall -Werror=format-security -Wp,-D_FORTIFY_SOURCE=2 -Wp,-D_GLIBCXX_ASSERTIONS -fexceptions -fstack-protector-strong -grecord-gcc-switches -specs=/usr/lib/rpm/redhat/redhat-hardened-cc1 -specs=/usr/lib/rpm/redhat/redhat-annobin-cc1 -m64 -mtune=generic -fasynchronous-unwind-tables -fstack-clash-protection -fcf-protection  conftest.c >&5
configure:4094: $? = 0
configure:4107: result: none needed
configure:4132: checking whether gcc understands -c and -o together
configure:4154: gcc -c conftest.c -o conftest2.o
configure:4157: $? = 0
configure:4154: gcc -c conftest.c -o conftest2.o
configure:4157: $? = 0
configure:4169: result: yes
configure:4188: checking dependency style of gcc
configure:4299: result: none
configure:4320: checking how to run the C preprocessor
configure:4351: gcc -E  conftest.c
configure:4351: $? = 0
configure:4365: gcc -E  conftest.c
conftest.c:12:10: fatal error: ac_nonexistent.h: No such file or directory
 #include <ac_nonexistent.h>
          ^~~~~~~~~~~~~~~~~~
compilation terminated.
configure:4365: $? = 1
configure: failed program was:
| /* confdefs.h */
| #define PACKAGE_NAME "anaconda"
| #define PACKAGE_TARNAME "anaconda"
| #define PACKAGE_VERSION "33.16.8.9"
| #define PACKAGE_STRING "anaconda 33.16.8.9"
| #define PACKAGE_BUGREPORT "anaconda-devel-list@redhat.com"
| #define PACKAGE_URL ""
| #define PACKAGE "anaconda"
| #define VERSION "33.16.8.9"
| #define BUILD_DATE "08182023"
| /* end confdefs.h.  */
| #include <ac_nonexistent.h>
configure:4390: result: gcc -E
configure:4410: gcc -E  conftest.c
configure:4410: $? = 0
configure:4424: gcc -E  conftest.c
conftest.c:12:10: fatal error: ac_nonexistent.h: No such file or directory
 #include <ac_nonexistent.h>
          ^~~~~~~~~~~~~~~~~~
compilation terminated.
configure:4424: $? = 1
configure: failed program was:
| /* confdefs.h */
| #define PACKAGE_NAME "anaconda"
| #define PACKAGE_TARNAME "anaconda"
| #define PACKAGE_VERSION "33.16.8.9"
| #define PACKAGE_STRING "anaconda 33.16.8.9"
| #define PACKAGE_BUGREPORT "anaconda-devel-list@redhat.com"
| #define PACKAGE_URL ""
| #define PACKAGE "anaconda"
| #define VERSION "33.16.8.9"
| #define BUILD_DATE "08182023"
| /* end confdefs.h.  */
| #include <ac_nonexistent.h>
configure:4453: checking for grep that handles long lines and -e
configure:4511: result: /usr/bin/grep
configure:4516: checking for egrep
configure:4578: result: /usr/bin/grep -E
configure:4583: checking for ANSI C header files
configure:4603: gcc -c -O2 -g -pipe -Wall -Werror=format-security -Wp,-D_FORTIFY_SOURCE=2 -Wp,-D_GLIBCXX_ASSERTIONS -fexceptions -fstack-protector-strong -grecord-gcc-switches -specs=/usr/lib/rpm/redhat/redhat-hardened-cc1 -specs=/usr/lib/rpm/redhat/redhat-annobin-cc1 -m64 -mtune=generic -fasynchronous-unwind-tables -fstack-clash-protection -fcf-protection  conftest.c >&5
configure:4603: $? = 0
configure:4676: gcc -o conftest -O2 -g -pipe -Wall -Werror=format-security -Wp,-D_FORTIFY_SOURCE=2 -Wp,-D_GLIBCXX_ASSERTIONS -fexceptions -fstack-protector-strong -grecord-gcc-switches -specs=/usr/lib/rpm/redhat/redhat-hardened-cc1 -specs=/usr/lib/rpm/redhat/redhat-annobin-cc1 -m64 -mtune=generic -fasynchronous-unwind-tables -fstack-clash-protection -fcf-protection  -Wl,-z,relro  -Wl,-z,now -specs=/usr/lib/rpm/redhat/redhat-hardened-ld conftest.c  >&5
configure:4676: $? = 0
configure:4676: ./conftest
configure:4676: $? = 0
configure:4687: result: yes
configure:4700: checking for sys/types.h
configure:4700: gcc -c -O2 -g -pipe -Wall -Werror=format-security -Wp,-D_FORTIFY_SOURCE=2 -Wp,-D_GLIBCXX_ASSERTIONS -fexceptions -fstack-protector-strong -grecord-gcc-switches -specs=/usr/lib/rpm/redhat/redhat-hardened-cc1 -specs=/usr/lib/rpm/redhat/redhat-annobin-cc1 -m64 -mtune=generic -fasynchronous-unwind-tables -fstack-clash-protection -fcf-protection  conftest.c >&5
configure:4700: $? = 0
configure:4700: result: yes
configure:4700: checking for sys/stat.h
configure:4700: gcc -c -O2 -g -pipe -Wall -Werror=format-security -Wp,-D_FORTIFY_SOURCE=2 -Wp,-D_GLIBCXX_ASSERTIONS -fexceptions -fstack-protector-strong -grecord-gcc-switches -specs=/usr/lib/rpm/redhat/redhat-hardened-cc1 -specs=/usr/lib/rpm/redhat/redhat-annobin-cc1 -m64 -mtune=generic -fasynchronous-unwind-tables -fstack-clash-protection -fcf-protection  conftest.c >&5
configure:4700: $? = 0
configure:4700: result: yes
configure:4700: checking for stdlib.h
configure:4700: gcc -c -O2 -g -pipe -Wall -Werror=format-security -Wp,-D_FORTIFY_SOURCE=2 -Wp,-D_GLIBCXX_ASSERTIONS -fexceptions -fstack-protector-strong -grecord-gcc-switches -specs=/usr/lib/rpm/redhat/redhat-hardened-cc1 -specs=/usr/lib/rpm/redhat/redhat-annobin-cc1 -m64 -mtune=generic -fasynchronous-unwind-tables -fstack-clash-protection -fcf-protection  conftest.c >&5
configure:4700: $? = 0
configure:4700: result: yes
configure:4700: checking for string.h
configure:4700: gcc -c -O2 -g -pipe -Wall -Werror=format-security -Wp,-D_FORTIFY_SOURCE=2 -Wp,-D_GLIBCXX_ASSERTIONS -fexceptions -fstack-protector-strong -grecord-gcc-switches -specs=/usr/lib/rpm/redhat/redhat-hardened-cc1 -specs=/usr/lib/rpm/redhat/redhat-annobin-cc1 -m64 -mtune=generic -fasynchronous-unwind-tables -fstack-clash-protection -fcf-protection  conftest.c >&5
configure:4700: $? = 0
configure:4700: result: yes
configure:4700: checking for memory.h
configure:4700: gcc -c -O2 -g -pipe -Wall -Werror=format-security -Wp,-D_FORTIFY_SOURCE=2 -Wp,-D_GLIBCXX_ASSERTIONS -fexceptions -fstack-protector-strong -grecord-gcc-switches -specs=/usr/lib/rpm/redhat/redhat-hardened-cc1 -specs=/usr/lib/rpm/redhat/redhat-annobin-cc1 -m64 -mtune=generic -fasynchronous-unwind-tables -fstack-clash-protection -fcf-protection  conftest.c >&5
configure:4700: $? = 0
configure:4700: result: yes
configure:4700: checking for strings.h
configure:4700: gcc -c -O2 -g -pipe -Wall -Werror=format-security -Wp,-D_FORTIFY_SOURCE=2 -Wp,-D_GLIBCXX_ASSERTIONS -fexceptions -fstack-protector-strong -grecord-gcc-switches -specs=/usr/lib/rpm/redhat/redhat-hardened-cc1 -specs=/usr/lib/rpm/redhat/redhat-annobin-cc1 -m64 -mtune=generic -fasynchronous-unwind-tables -fstack-clash-protection -fcf-protection  conftest.c >&5
configure:4700: $? = 0
configure:4700: result: yes
configure:4700: checking for inttypes.h
configure:4700: gcc -c -O2 -g -pipe -Wall -Werror=format-security -Wp,-D_FORTIFY_SOURCE=2 -Wp,-D_GLIBCXX_ASSERTIONS -fexceptions -fstack-protector-strong -grecord-gcc-switches -specs=/usr/lib/rpm/redhat/redhat-hardened-cc1 -specs=/usr/lib/rpm/redhat/redhat-annobin-cc1 -m64 -mtune=generic -fasynchronous-unwind-tables -fstack-clash-protection -fcf-protection  conftest.c >&5
configure:4700: $? = 0
configure:4700: result: yes
configure:4700: checking for stdint.h
configure:4700: gcc -c -O2 -g -pipe -Wall -Werror=format-security -Wp,-D_FORTIFY_SOURCE=2 -Wp,-D_GLIBCXX_ASSERTIONS -fexceptions -fstack-protector-strong -grecord-gcc-switches -specs=/usr/lib/rpm/redhat/redhat-hardened-cc1 -specs=/usr/lib/rpm/redhat/redhat-annobin-cc1 -m64 -mtune=generic -fasynchronous-unwind-tables -fstack-clash-protection -fcf-protection  conftest.c >&5
configure:4700: $? = 0
configure:4700: result: yes
configure:4700: checking for unistd.h
configure:4700: gcc -c -O2 -g -pipe -Wall -Werror=format-security -Wp,-D_FORTIFY_SOURCE=2 -Wp,-D_GLIBCXX_ASSERTIONS -fexceptions -fstack-protector-strong -grecord-gcc-switches -specs=/usr/lib/rpm/redhat/redhat-hardened-cc1 -specs=/usr/lib/rpm/redhat/redhat-annobin-cc1 -m64 -mtune=generic -fasynchronous-unwind-tables -fstack-clash-protection -fcf-protection  conftest.c >&5
configure:4700: $? = 0
configure:4700: result: yes
configure:4713: checking minix/config.h usability
configure:4713: gcc -c -O2 -g -pipe -Wall -Werror=format-security -Wp,-D_FORTIFY_SOURCE=2 -Wp,-D_GLIBCXX_ASSERTIONS -fexceptions -fstack-protector-strong -grecord-gcc-switches -specs=/usr/lib/rpm/redhat/redhat-hardened-cc1 -specs=/usr/lib/rpm/redhat/redhat-annobin-cc1 -m64 -mtune=generic -fasynchronous-unwind-tables -fstack-clash-protection -fcf-protection  conftest.c >&5
conftest.c:55:10: fatal error: minix/config.h: No such file or directory
 #include <minix/config.h>
          ^~~~~~~~~~~~~~~~
compilation terminated.
configure:4713: $? = 1
configure: failed program was:
| /* confdefs.h */
| #define PACKAGE_NAME "anaconda"
| #define PACKAGE_TARNAME "anaconda"
| #define PACKAGE_VERSION "33.16.8.9"
| #define PACKAGE_STRING "anaconda 33.16.8.9"
| #define PACKAGE_BUGREPORT "anaconda-devel-list@redhat.com"
| #define PACKAGE_URL ""
| #define PACKAGE "anaconda"
| #define VERSION "33.16.8.9"
| #define BUILD_DATE "08182023"
| #define STDC_HEADERS 1
| #define HAVE_SYS_TYPES_H 1
| #define HAVE_SYS_STAT_H 1
| #define HAVE_STDLIB_H 1
| #define HAVE_STRING_H 1
| #define HAVE_MEMORY_H 1
| #define HAVE_STRINGS_H 1
| #define HAVE_INTTYPES_H 1
| #define HAVE_STDINT_H 1
| #define HAVE_UNISTD_H 1
| /* end confdefs.h.  */
| #include <stdio.h>
| #ifdef HAVE_SYS_TYPES_H
| # include <sys/types.h>
| #endif
| #ifdef HAVE_SYS_STAT_H
| # include <sys/stat.h>
| #endif
| #ifdef STDC_HEADERS
| # include <stdlib.h>
| # include <stddef.h>
| #else
| # ifdef HAVE_STDLIB_H
| #  include <stdlib.h>
| # endif
| #endif
| #ifdef HAVE_STRING_H
| # if !defined STDC_HEADERS && defined HAVE_MEMORY_H
| #  include <memory.h>
| # endif
| # include <string.h>
| #endif
| #ifdef HAVE_STRINGS_H
| # include <strings.h>
| #endif
| #ifdef HAVE_INTTYPES_H
| # include <inttypes.h>
| #endif
| #ifdef HAVE_STDINT_H
| # include <stdint.h>
| #endif
| #ifdef HAVE_UNISTD_H
| # include <unistd.h>
| #endif
| #include <minix/config.h>
configure:4713: result: no
configure:4713: checking minix/config.h presence
configure:4713: gcc -E  conftest.c
conftest.c:22:10: fatal error: minix/config.h: No such file or directory
 #include <minix/config.h>
          ^~~~~~~~~~~~~~~~
compilation terminated.
configure:4713: $? = 1
configure: failed program was:
| /* confdefs.h */
| #define PACKAGE_NAME "anaconda"
| #define PACKAGE_TARNAME "anaconda"
| #define PACKAGE_VERSION "33.16.8.9"
| #define PACKAGE_STRING "anaconda 33.16.8.9"
| #define PACKAGE_BUGREPORT "anaconda-devel-list@redhat.com"
| #define PACKAGE_URL ""
| #define PACKAGE "anaconda"
| #define VERSION "33.16.8.9"
| #define BUILD_DATE "08182023"
| #define STDC_HEADERS 1
| #define HAVE_SYS_TYPES_H 1
| #define HAVE_SYS_STAT_H 1
| #define HAVE_STDLIB_H 1
| #define HAVE_STRING_H 1
| #define HAVE_MEMORY_H 1
| #define HAVE_STRINGS_H 1
| #define HAVE_INTTYPES_H 1
| #define HAVE_STDINT_H 1
| #define HAVE_UNISTD_H 1
| /* end confdefs.h.  */
| #include <minix/config.h>
configure:4713: result: no
configure:4713: checking for minix/config.h
configure:4713: result: no
configure:4734: checking whether it is safe to define __EXTENSIONS__
configure:4752: gcc -c -O2 -g -pipe -Wall -Werror=format-security -Wp,-D_FORTIFY_SOURCE=2 -Wp,-D_GLIBCXX_ASSERTIONS -fexceptions -fstack-protector-strong -grecord-gcc-switches -specs=/usr/lib/rpm/redhat/redhat-hardened-cc1 -specs=/usr/lib/rpm/redhat/redhat-annobin-cc1 -m64 -mtune=generic -fasynchronous-unwind-tables -fstack-clash-protection -fcf-protection  conftest.c >&5
configure:4752: $? = 0
configure:4759: result: yes
configure:4780: checking for special C compiler options needed for large files
configure:4825: result: no
configure:4831: checking for _FILE_OFFSET_BITS value needed for large files
configure:4856: gcc -c -O2 -g -pipe -Wall -Werror=format-security -Wp,-D_FORTIFY_SOURCE=2 -Wp,-D_GLIBCXX_ASSERTIONS -fexceptions -fstack-protector-strong -grecord-gcc-switches -specs=/usr/lib/rpm/redhat/redhat-hardened-cc1 -specs=/usr/lib/rpm/redhat/redhat-annobin-cc1 -m64 -mtune=generic -fasynchronous-unwind-tables -fstack-clash-protection -fcf-protection  conftest.c >&5
configure:4856: $? = 0
configure:4888: result: no
configure:4983: checking for x86_64-redhat-linux-gnu-gcc
configure:5010: result: gcc
configure:5279: checking for C compiler version
configure:5288: gcc --version >&5
gcc (GCC) 8.5.0 20210514 (Red Hat 8.5.0-18)
Copyright (C) 2018 Free Software Foundation, Inc.
This is free software; see the source for copying conditions.  There is NO
warranty; not even for MERCHANTABILITY or FITNESS FOR A PARTICULAR PURPOSE.

configure:5299: $? = 0
configure:5288: gcc -v >&5
Using built-in specs.
COLLECT_GCC=gcc
COLLECT_LTO_WRAPPER=/usr/libexec/gcc/x86_64-redhat-linux/8/lto-wrapper
OFFLOAD_TARGET_NAMES=nvptx-none
OFFLOAD_TARGET_DEFAULT=1
Target: x86_64-redhat-linux
Configured with: ../configure --enable-bootstrap --enable-languages=c,c++,fortran,lto --prefix=/usr --mandir=/usr/share/man --infodir=/usr/share/info --with-bugurl=https://bugs.rockylinux.org/ --enable-shared --enable-threads=posix --enable-checking=release --enable-multilib --with-system-zlib --enable-__cxa_atexit --disable-libunwind-exceptions --enable-gnu-unique-object --enable-linker-build-id --with-gcc-major-version-only --with-linker-hash-style=gnu --enable-plugin --enable-initfini-array --with-isl --disable-libmpx --enable-offload-targets=nvptx-none --without-cuda-driver --enable-gnu-indirect-function --enable-cet --with-tune=generic --with-arch_32=x86-64 --build=x86_64-redhat-linux
Thread model: posix
gcc version 8.5.0 20210514 (Red Hat 8.5.0-18) (GCC) 
configure:5299: $? = 0
configure:5288: gcc -V >&5
gcc: error: unrecognized command line option '-V'
gcc: fatal error: no input files
compilation terminated.
configure:5299: $? = 1
configure:5288: gcc -qversion >&5
gcc: error: unrecognized command line option '-qversion'; did you mean '--version'?
gcc: fatal error: no input files
compilation terminated.
configure:5299: $? = 1
configure:5303: checking whether we are using the GNU C compiler
configure:5331: result: yes
configure:5340: checking whether gcc accepts -g
configure:5401: result: yes
configure:5418: checking for gcc option to accept ISO C89
configure:5494: result: none needed
configure:5519: checking whether gcc understands -c and -o together
configure:5556: result: yes
configure:5575: checking dependency style of gcc
configure:5686: result: none
configure:5701: checking whether ln -s works
configure:5705: result: yes
configure:5741: checking build system type
configure:5755: result: x86_64-redhat-linux-gnu
configure:5775: checking host system type
configure:5788: result: x86_64-redhat-linux-gnu
configure:5829: checking how to print strings
configure:5856: result: printf
configure:5877: checking for a sed that does not truncate output
configure:5941: result: /usr/bin/sed
configure:5959: checking for fgrep
configure:6021: result: /usr/bin/grep -F
configure:6056: checking for ld used by gcc
configure:6123: result: /usr/bin/ld
configure:6130: checking if the linker (/usr/bin/ld) is GNU ld
configure:6145: result: yes
configure:6157: checking for BSD- or MS-compatible name lister (nm)
configure:6211: result: /usr/bin/nm -B
configure:6341: checking the name lister (/usr/bin/nm -B) interface
configure:6348: gcc -c -O2 -g -pipe -Wall -Werror=format-security -Wp,-D_FORTIFY_SOURCE=2 -Wp,-D_GLIBCXX_ASSERTIONS -fexceptions -fstack-protector-strong -grecord-gcc-switches -specs=/usr/lib/rpm/redhat/redhat-hardened-cc1 -specs=/usr/lib/rpm/redhat/redhat-annobin-cc1 -m64 -mtune=generic -fasynchronous-unwind-tables -fstack-clash-protection -fcf-protection  conftest.c >&5
configure:6351: /usr/bin/nm -B "conftest.o"
configure:6354: output
0000000000000000 t .annobin_conftest.c
0000000000000000 t .annobin_conftest.c.exit
0000000000000000 t .annobin_conftest.c.hot
0000000000000000 t .annobin_conftest.c.startup
0000000000000000 t .annobin_conftest.c.unlikely
0000000000000000 t .annobin_conftest.c_end
0000000000000000 t .annobin_conftest.c_end.exit
0000000000000000 t .annobin_conftest.c_end.hot
0000000000000000 t .annobin_conftest.c_end.startup
0000000000000000 t .annobin_conftest.c_end.unlikely
0000000000000000 n .text.exit.group
0000000000000000 n .text.group
0000000000000000 n .text.hot.group
0000000000000000 n .text.startup.group
0000000000000000 n .text.unlikely.group
0000000000000000 B some_variable
configure:6361: result: BSD nm
configure:6365: checking the maximum length of command line arguments
configure:6496: result: 1572864
configure:6544: checking how to convert x86_64-redhat-linux-gnu file names to x86_64-redhat-linux-gnu format
configure:6584: result: func_convert_file_noop
configure:6591: checking how to convert x86_64-redhat-linux-gnu file names to toolchain format
configure:6611: result: func_convert_file_noop
configure:6618: checking for /usr/bin/ld option to reload object files
configure:6625: result: -r
configure:6659: checking for x86_64-redhat-linux-gnu-objdump
configure:6689: result: no
configure:6699: checking for objdump
configure:6715: found /usr/bin/objdump
configure:6726: result: objdump
configure:6758: checking how to recognize dependent libraries
configure:6958: result: pass_all
configure:7003: checking for x86_64-redhat-linux-gnu-dlltool
configure:7033: result: no
configure:7043: checking for dlltool
configure:7073: result: no
configure:7103: checking how to associate runtime and link libraries
configure:7130: result: printf %s\n
configure:7146: checking for x86_64-redhat-linux-gnu-ar
configure:7176: result: no
configure:7190: checking for ar
configure:7206: found /usr/bin/ar
configure:7217: result: ar
configure:7254: checking for archiver @FILE support
configure:7271: gcc -c -O2 -g -pipe -Wall -Werror=format-security -Wp,-D_FORTIFY_SOURCE=2 -Wp,-D_GLIBCXX_ASSERTIONS -fexceptions -fstack-protector-strong -grecord-gcc-switches -specs=/usr/lib/rpm/redhat/redhat-hardened-cc1 -specs=/usr/lib/rpm/redhat/redhat-annobin-cc1 -m64 -mtune=generic -fasynchronous-unwind-tables -fstack-clash-protection -fcf-protection  conftest.c >&5
configure:7271: $? = 0
configure:7274: ar cru libconftest.a @conftest.lst >&5
configure:7277: $? = 0
configure:7282: ar cru libconftest.a @conftest.lst >&5
ar: conftest.o: No such file or directory
configure:7285: $? = 1
configure:7297: result: @
configure:7315: checking for x86_64-redhat-linux-gnu-strip
configure:7345: result: no
configure:7355: checking for strip
configure:7371: found /usr/bin/strip
configure:7382: result: strip
configure:7414: checking for x86_64-redhat-linux-gnu-ranlib
configure:7444: result: no
configure:7454: checking for ranlib
configure:7470: found /usr/bin/ranlib
configure:7481: result: ranlib
configure:7583: checking command to parse /usr/bin/nm -B output from gcc object
configure:7736: gcc -c -O2 -g -pipe -Wall -Werror=format-security -Wp,-D_FORTIFY_SOURCE=2 -Wp,-D_GLIBCXX_ASSERTIONS -fexceptions -fstack-protector-strong -grecord-gcc-switches -specs=/usr/lib/rpm/redhat/redhat-hardened-cc1 -specs=/usr/lib/rpm/redhat/redhat-annobin-cc1 -m64 -mtune=generic -fasynchronous-unwind-tables -fstack-clash-protection -fcf-protection  conftest.c >&5
configure:7739: $? = 0
configure:7743: /usr/bin/nm -B conftest.o \| sed -n -e 's/^.*[ ]\([ABCDGIRSTW][ABCDGIRSTW]*\)[ ][ ]*\([_A-Za-z][_A-Za-z0-9]*\)$/\1 \2 \2/p' | sed '/ __gnu_lto/d' \> conftest.nm
configure:7746: $? = 0
configure:7812: gcc -o conftest -O2 -g -pipe -Wall -Werror=format-security -Wp,-D_FORTIFY_SOURCE=2 -Wp,-D_GLIBCXX_ASSERTIONS -fexceptions -fstack-protector-strong -grecord-gcc-switches -specs=/usr/lib/rpm/redhat/redhat-hardened-cc1 -specs=/usr/lib/rpm/redhat/redhat-annobin-cc1 -m64 -mtune=generic -fasynchronous-unwind-tables -fstack-clash-protection -fcf-protection  -Wl,-z,relro  -Wl,-z,now -specs=/usr/lib/rpm/redhat/redhat-hardened-ld conftest.c conftstm.o >&5
configure:7815: $? = 0
configure:7853: result: ok
configure:7900: checking for sysroot
configure:7930: result: no
configure:7937: checking for a working dd
configure:7975: result: /usr/bin/dd
configure:7979: checking how to truncate binary pipes
configure:7994: result: /usr/bin/dd bs=4096 count=1
configure:8130: gcc -c -O2 -g -pipe -Wall -Werror=format-security -Wp,-D_FORTIFY_SOURCE=2 -Wp,-D_GLIBCXX_ASSERTIONS -fexceptions -fstack-protector-strong -grecord-gcc-switches -specs=/usr/lib/rpm/redhat/redhat-hardened-cc1 -specs=/usr/lib/rpm/redhat/redhat-annobin-cc1 -m64 -mtune=generic -fasynchronous-unwind-tables -fstack-clash-protection -fcf-protection  conftest.c >&5
configure:8133: $? = 0
configure:8283: checking for x86_64-redhat-linux-gnu-mt
configure:8313: result: no
configure:8323: checking for mt
configure:8353: result: no
configure:8373: checking if : is a manifest tool
configure:8379: : '-?'
configure:8387: result: no
configure:9061: checking for dlfcn.h
configure:9061: gcc -c -O2 -g -pipe -Wall -Werror=format-security -Wp,-D_FORTIFY_SOURCE=2 -Wp,-D_GLIBCXX_ASSERTIONS -fexceptions -fstack-protector-strong -grecord-gcc-switches -specs=/usr/lib/rpm/redhat/redhat-hardened-cc1 -specs=/usr/lib/rpm/redhat/redhat-annobin-cc1 -m64 -mtune=generic -fasynchronous-unwind-tables -fstack-clash-protection -fcf-protection  conftest.c >&5
configure:9061: $? = 0
configure:9061: result: yes
configure:9287: checking for objdir
configure:9302: result: .libs
configure:9566: checking if gcc supports -fno-rtti -fno-exceptions
configure:9584: gcc -c -O2 -g -pipe -Wall -Werror=format-security -Wp,-D_FORTIFY_SOURCE=2 -Wp,-D_GLIBCXX_ASSERTIONS -fexceptions -fstack-protector-strong -grecord-gcc-switches -specs=/usr/lib/rpm/redhat/redhat-hardened-cc1 -specs=/usr/lib/rpm/redhat/redhat-annobin-cc1 -m64 -mtune=generic -fasynchronous-unwind-tables -fstack-clash-protection -fcf-protection  -fno-rtti -fno-exceptions conftest.c >&5
cc1: warning: command line option '-fno-rtti' is valid for C++/ObjC++ but not for C
configure:9588: $? = 0
configure:9601: result: no
configure:9959: checking for gcc option to produce PIC
configure:9966: result: -fPIC -DPIC
configure:9974: checking if gcc PIC flag -fPIC -DPIC works
configure:9992: gcc -c -O2 -g -pipe -Wall -Werror=format-security -Wp,-D_FORTIFY_SOURCE=2 -Wp,-D_GLIBCXX_ASSERTIONS -fexceptions -fstack-protector-strong -grecord-gcc-switches -specs=/usr/lib/rpm/redhat/redhat-hardened-cc1 -specs=/usr/lib/rpm/redhat/redhat-annobin-cc1 -m64 -mtune=generic -fasynchronous-unwind-tables -fstack-clash-protection -fcf-protection  -fPIC -DPIC -DPIC conftest.c >&5
configure:9996: $? = 0
configure:10009: result: yes
configure:10038: checking if gcc static flag -static works
configure:10066: result: no
configure:10081: checking if gcc supports -c -o file.o
configure:10102: gcc -c -O2 -g -pipe -Wall -Werror=format-security -Wp,-D_FORTIFY_SOURCE=2 -Wp,-D_GLIBCXX_ASSERTIONS -fexceptions -fstack-protector-strong -grecord-gcc-switches -specs=/usr/lib/rpm/redhat/redhat-hardened-cc1 -specs=/usr/lib/rpm/redhat/redhat-annobin-cc1 -m64 -mtune=generic -fasynchronous-unwind-tables -fstack-clash-protection -fcf-protection  -o out/conftest2.o conftest.c >&5
configure:10106: $? = 0
configure:10128: result: yes
configure:10136: checking if gcc supports -c -o file.o
configure:10183: result: yes
configure:10216: checking whether the gcc linker (/usr/bin/ld -m elf_x86_64) supports shared libraries
configure:11475: result: yes
configure:11512: checking whether -lc should be explicitly linked in
configure:11520: gcc -c -O2 -g -pipe -Wall -Werror=format-security -Wp,-D_FORTIFY_SOURCE=2 -Wp,-D_GLIBCXX_ASSERTIONS -fexceptions -fstack-protector-strong -grecord-gcc-switches -specs=/usr/lib/rpm/redhat/redhat-hardened-cc1 -specs=/usr/lib/rpm/redhat/redhat-annobin-cc1 -m64 -mtune=generic -fasynchronous-unwind-tables -fstack-clash-protection -fcf-protection  conftest.c >&5
configure:11523: $? = 0
configure:11538: gcc -shared  -fPIC -DPIC conftest.o  -v -Wl,-soname -Wl,conftest -o conftest 2\>\&1 \| /usr/bin/grep  -lc  \>/dev/null 2\>\&1
configure:11541: $? = 0
configure:11555: result: no
configure:11715: checking dynamic linker characteristics
configure:12296: gcc -o conftest -O2 -g -pipe -Wall -Werror=format-security -Wp,-D_FORTIFY_SOURCE=2 -Wp,-D_GLIBCXX_ASSERTIONS -fexceptions -fstack-protector-strong -grecord-gcc-switches -specs=/usr/lib/rpm/redhat/redhat-hardened-cc1 -specs=/usr/lib/rpm/redhat/redhat-annobin-cc1 -m64 -mtune=generic -fasynchronous-unwind-tables -fstack-clash-protection -fcf-protection  -Wl,-z,relro  -Wl,-z,now -specs=/usr/lib/rpm/redhat/redhat-hardened-ld -Wl,-rpath -Wl,/foo conftest.c  >&5
configure:12296: $? = 0
configure:12536: result: GNU/Linux ld.so
configure:12658: checking how to hardcode library paths into programs
configure:12683: result: immediate
configure:13231: checking whether stripping libraries is possible
configure:13236: result: yes
configure:13271: checking if libtool supports shared libraries
configure:13273: result: yes
configure:13276: checking whether to build shared libraries
configure:13301: result: yes
configure:13304: checking whether to build static libraries
configure:13308: result: no
configure:13350: checking for xgettext
configure:13368: found /usr/bin/xgettext
configure:13380: result: /usr/bin/xgettext
configure:13390: checking for msgfmt
configure:13408: found /usr/bin/msgfmt
configure:13420: result: /usr/bin/msgfmt
configure:13430: checking for msgmerge
configure:13448: found /usr/bin/msgmerge
configure:13460: result: /usr/bin/msgmerge
configure:13470: checking for msgcat
configure:13488: found /usr/bin/msgcat
configure:13500: result: /usr/bin/msgcat
configure:13522: checking fcntl.h usability
configure:13522: gcc -c -O2 -g -pipe -Wall -Werror=format-security -Wp,-D_FORTIFY_SOURCE=2 -Wp,-D_GLIBCXX_ASSERTIONS -fexceptions -fstack-protector-strong -grecord-gcc-switches -specs=/usr/lib/rpm/redhat/redhat-hardened-cc1 -specs=/usr/lib/rpm/redhat/redhat-annobin-cc1 -m64 -mtune=generic -fasynchronous-unwind-tables -fstack-clash-protection -fcf-protection  conftest.c >&5
configure:13522: $? = 0
configure:13522: result: yes
configure:13522: checking fcntl.h presence
configure:13522: gcc -E  conftest.c
configure:13522: $? = 0
configure:13522: result: yes
configure:13522: checking for fcntl.h
configure:13522: result: yes
configure:13522: checking for stdlib.h
configure:13522: result: yes
configure:13522: checking for string.h
configure:13522: result: yes
configure:13522: checking sys/time.h usability
configure:13522: gcc -c -O2 -g -pipe -Wall -Werror=format-security -Wp,-D_FORTIFY_SOURCE=2 -Wp,-D_GLIBCXX_ASSERTIONS -fexceptions -fstack-protector-strong -grecord-gcc-switches -specs=/usr/lib/rpm/redhat/redhat-hardened-cc1 -specs=/usr/lib/rpm/redhat/redhat-annobin-cc1 -m64 -mtune=generic -fasynchronous-unwind-tables -fstack-clash-protection -fcf-protection  conftest.c >&5
configure:13522: $? = 0
configure:13522: result: yes
configure:13522: checking sys/time.h presence
configure:13522: gcc -E  conftest.c
configure:13522: $? = 0
configure:13522: result: yes
configure:13522: checking for sys/time.h
configure:13522: result: yes
configure:13522: checking for unistd.h
configure:13522: result: yes
configure:13542: checking for pid_t
configure:13542: gcc -c -O2 -g -pipe -Wall -Werror=format-security -Wp,-D_FORTIFY_SOURCE=2 -Wp,-D_GLIBCXX_ASSERTIONS -fexceptions -fstack-protector-strong -grecord-gcc-switches -specs=/usr/lib/rpm/redhat/redhat-hardened-cc1 -specs=/usr/lib/rpm/redhat/redhat-annobin-cc1 -m64 -mtune=generic -fasynchronous-unwind-tables -fstack-clash-protection -fcf-protection  conftest.c >&5
configure:13542: $? = 0
configure:13542: gcc -c -O2 -g -pipe -Wall -Werror=format-security -Wp,-D_FORTIFY_SOURCE=2 -Wp,-D_GLIBCXX_ASSERTIONS -fexceptions -fstack-protector-strong -grecord-gcc-switches -specs=/usr/lib/rpm/redhat/redhat-hardened-cc1 -specs=/usr/lib/rpm/redhat/redhat-annobin-cc1 -m64 -mtune=generic -fasynchronous-unwind-tables -fstack-clash-protection -fcf-protection  conftest.c >&5
conftest.c: In function 'main':
conftest.c:70:20: error: expected expression before ')' token
 if (sizeof ((pid_t)))
                    ^
configure:13542: $? = 1
configure: failed program was:
| /* confdefs.h */
| #define PACKAGE_NAME "anaconda"
| #define PACKAGE_TARNAME "anaconda"
| #define PACKAGE_VERSION "33.16.8.9"
| #define PACKAGE_STRING "anaconda 33.16.8.9"
| #define PACKAGE_BUGREPORT "anaconda-devel-list@redhat.com"
| #define PACKAGE_URL ""
| #define PACKAGE "anaconda"
| #define VERSION "33.16.8.9"
| #define BUILD_DATE "08182023"
| #define STDC_HEADERS 1
| #define HAVE_SYS_TYPES_H 1
| #define HAVE_SYS_STAT_H 1
| #define HAVE_STDLIB_H 1
| #define HAVE_STRING_H 1
| #define HAVE_MEMORY_H 1
| #define HAVE_STRINGS_H 1
| #define HAVE_INTTYPES_H 1
| #define HAVE_STDINT_H 1
| #define HAVE_UNISTD_H 1
| #define __EXTENSIONS__ 1
| #define _ALL_SOURCE 1
| #define _GNU_SOURCE 1
| #define _POSIX_PTHREAD_SEMANTICS 1
| #define _TANDEM_SOURCE 1
| #define HAVE_DLFCN_H 1
| #define LT_OBJDIR ".libs/"
| #define HAVE_FCNTL_H 1
| #define HAVE_STDLIB_H 1
| #define HAVE_STRING_H 1
| #define HAVE_SYS_TIME_H 1
| #define HAVE_UNISTD_H 1
| /* end confdefs.h.  */
| #include <stdio.h>
| #ifdef HAVE_SYS_TYPES_H
| # include <sys/types.h>
| #endif
| #ifdef HAVE_SYS_STAT_H
| # include <sys/stat.h>
| #endif
| #ifdef STDC_HEADERS
| # include <stdlib.h>
| # include <stddef.h>
| #else
| # ifdef HAVE_STDLIB_H
| #  include <stdlib.h>
| # endif
| #endif
| #ifdef HAVE_STRING_H
| # if !defined STDC_HEADERS && defined HAVE_MEMORY_H
| #  include <memory.h>
| # endif
| # include <string.h>
| #endif
| #ifdef HAVE_STRINGS_H
| # include <strings.h>
| #endif
| #ifdef HAVE_INTTYPES_H
| # include <inttypes.h>
| #endif
| #ifdef HAVE_STDINT_H
| # include <stdint.h>
| #endif
| #ifdef HAVE_UNISTD_H
| # include <unistd.h>
| #endif
| int
| main ()
| {
| if (sizeof ((pid_t)))
| 	    return 0;
|   ;
|   return 0;
| }
configure:13542: result: yes
configure:13553: checking for size_t
configure:13553: gcc -c -O2 -g -pipe -Wall -Werror=format-security -Wp,-D_FORTIFY_SOURCE=2 -Wp,-D_GLIBCXX_ASSERTIONS -fexceptions -fstack-protector-strong -grecord-gcc-switches -specs=/usr/lib/rpm/redhat/redhat-hardened-cc1 -specs=/usr/lib/rpm/redhat/redhat-annobin-cc1 -m64 -mtune=generic -fasynchronous-unwind-tables -fstack-clash-protection -fcf-protection  conftest.c >&5
configure:13553: $? = 0
configure:13553: gcc -c -O2 -g -pipe -Wall -Werror=format-security -Wp,-D_FORTIFY_SOURCE=2 -Wp,-D_GLIBCXX_ASSERTIONS -fexceptions -fstack-protector-strong -grecord-gcc-switches -specs=/usr/lib/rpm/redhat/redhat-hardened-cc1 -specs=/usr/lib/rpm/redhat/redhat-annobin-cc1 -m64 -mtune=generic -fasynchronous-unwind-tables -fstack-clash-protection -fcf-protection  conftest.c >&5
conftest.c: In function 'main':
conftest.c:70:21: error: expected expression before ')' token
 if (sizeof ((size_t)))
                     ^
configure:13553: $? = 1
configure: failed program was:
| /* confdefs.h */
| #define PACKAGE_NAME "anaconda"
| #define PACKAGE_TARNAME "anaconda"
| #define PACKAGE_VERSION "33.16.8.9"
| #define PACKAGE_STRING "anaconda 33.16.8.9"
| #define PACKAGE_BUGREPORT "anaconda-devel-list@redhat.com"
| #define PACKAGE_URL ""
| #define PACKAGE "anaconda"
| #define VERSION "33.16.8.9"
| #define BUILD_DATE "08182023"
| #define STDC_HEADERS 1
| #define HAVE_SYS_TYPES_H 1
| #define HAVE_SYS_STAT_H 1
| #define HAVE_STDLIB_H 1
| #define HAVE_STRING_H 1
| #define HAVE_MEMORY_H 1
| #define HAVE_STRINGS_H 1
| #define HAVE_INTTYPES_H 1
| #define HAVE_STDINT_H 1
| #define HAVE_UNISTD_H 1
| #define __EXTENSIONS__ 1
| #define _ALL_SOURCE 1
| #define _GNU_SOURCE 1
| #define _POSIX_PTHREAD_SEMANTICS 1
| #define _TANDEM_SOURCE 1
| #define HAVE_DLFCN_H 1
| #define LT_OBJDIR ".libs/"
| #define HAVE_FCNTL_H 1
| #define HAVE_STDLIB_H 1
| #define HAVE_STRING_H 1
| #define HAVE_SYS_TIME_H 1
| #define HAVE_UNISTD_H 1
| /* end confdefs.h.  */
| #include <stdio.h>
| #ifdef HAVE_SYS_TYPES_H
| # include <sys/types.h>
| #endif
| #ifdef HAVE_SYS_STAT_H
| # include <sys/stat.h>
| #endif
| #ifdef STDC_HEADERS
| # include <stdlib.h>
| # include <stddef.h>
| #else
| # ifdef HAVE_STDLIB_H
| #  include <stdlib.h>
| # endif
| #endif
| #ifdef HAVE_STRING_H
| # if !defined STDC_HEADERS && defined HAVE_MEMORY_H
| #  include <memory.h>
| # endif
| # include <string.h>
| #endif
| #ifdef HAVE_STRINGS_H
| # include <strings.h>
| #endif
| #ifdef HAVE_INTTYPES_H
| # include <inttypes.h>
| #endif
| #ifdef HAVE_STDINT_H
| # include <stdint.h>
| #endif
| #ifdef HAVE_UNISTD_H
| # include <unistd.h>
| #endif
| int
| main ()
| {
| if (sizeof ((size_t)))
| 	    return 0;
|   ;
|   return 0;
| }
configure:13553: result: yes
configure:13564: checking for ssize_t
configure:13564: gcc -c -O2 -g -pipe -Wall -Werror=format-security -Wp,-D_FORTIFY_SOURCE=2 -Wp,-D_GLIBCXX_ASSERTIONS -fexceptions -fstack-protector-strong -grecord-gcc-switches -specs=/usr/lib/rpm/redhat/redhat-hardened-cc1 -specs=/usr/lib/rpm/redhat/redhat-annobin-cc1 -m64 -mtune=generic -fasynchronous-unwind-tables -fstack-clash-protection -fcf-protection  conftest.c >&5
configure:13564: $? = 0
configure:13564: gcc -c -O2 -g -pipe -Wall -Werror=format-security -Wp,-D_FORTIFY_SOURCE=2 -Wp,-D_GLIBCXX_ASSERTIONS -fexceptions -fstack-protector-strong -grecord-gcc-switches -specs=/usr/lib/rpm/redhat/redhat-hardened-cc1 -specs=/usr/lib/rpm/redhat/redhat-annobin-cc1 -m64 -mtune=generic -fasynchronous-unwind-tables -fstack-clash-protection -fcf-protection  conftest.c >&5
conftest.c: In function 'main':
conftest.c:70:22: error: expected expression before ')' token
 if (sizeof ((ssize_t)))
                      ^
configure:13564: $? = 1
configure: failed program was:
| /* confdefs.h */
| #define PACKAGE_NAME "anaconda"
| #define PACKAGE_TARNAME "anaconda"
| #define PACKAGE_VERSION "33.16.8.9"
| #define PACKAGE_STRING "anaconda 33.16.8.9"
| #define PACKAGE_BUGREPORT "anaconda-devel-list@redhat.com"
| #define PACKAGE_URL ""
| #define PACKAGE "anaconda"
| #define VERSION "33.16.8.9"
| #define BUILD_DATE "08182023"
| #define STDC_HEADERS 1
| #define HAVE_SYS_TYPES_H 1
| #define HAVE_SYS_STAT_H 1
| #define HAVE_STDLIB_H 1
| #define HAVE_STRING_H 1
| #define HAVE_MEMORY_H 1
| #define HAVE_STRINGS_H 1
| #define HAVE_INTTYPES_H 1
| #define HAVE_STDINT_H 1
| #define HAVE_UNISTD_H 1
| #define __EXTENSIONS__ 1
| #define _ALL_SOURCE 1
| #define _GNU_SOURCE 1
| #define _POSIX_PTHREAD_SEMANTICS 1
| #define _TANDEM_SOURCE 1
| #define HAVE_DLFCN_H 1
| #define LT_OBJDIR ".libs/"
| #define HAVE_FCNTL_H 1
| #define HAVE_STDLIB_H 1
| #define HAVE_STRING_H 1
| #define HAVE_SYS_TIME_H 1
| #define HAVE_UNISTD_H 1
| /* end confdefs.h.  */
| #include <stdio.h>
| #ifdef HAVE_SYS_TYPES_H
| # include <sys/types.h>
| #endif
| #ifdef HAVE_SYS_STAT_H
| # include <sys/stat.h>
| #endif
| #ifdef STDC_HEADERS
| # include <stdlib.h>
| # include <stddef.h>
| #else
| # ifdef HAVE_STDLIB_H
| #  include <stdlib.h>
| # endif
| #endif
| #ifdef HAVE_STRING_H
| # if !defined STDC_HEADERS && defined HAVE_MEMORY_H
| #  include <memory.h>
| # endif
| # include <string.h>
| #endif
| #ifdef HAVE_STRINGS_H
| # include <strings.h>
| #endif
| #ifdef HAVE_INTTYPES_H
| # include <inttypes.h>
| #endif
| #ifdef HAVE_STDINT_H
| # include <stdint.h>
| #endif
| #ifdef HAVE_UNISTD_H
| # include <unistd.h>
| #endif
| int
| main ()
| {
| if (sizeof ((ssize_t)))
| 	    return 0;
|   ;
|   return 0;
| }
configure:13564: result: yes
configure:13575: checking for uint32_t
configure:13575: gcc -c -O2 -g -pipe -Wall -Werror=format-security -Wp,-D_FORTIFY_SOURCE=2 -Wp,-D_GLIBCXX_ASSERTIONS -fexceptions -fstack-protector-strong -grecord-gcc-switches -specs=/usr/lib/rpm/redhat/redhat-hardened-cc1 -specs=/usr/lib/rpm/redhat/redhat-annobin-cc1 -m64 -mtune=generic -fasynchronous-unwind-tables -fstack-clash-protection -fcf-protection  conftest.c >&5
configure:13575: $? = 0
configure:13575: result: yes
configure:13589: checking for int64_t
configure:13589: gcc -c -O2 -g -pipe -Wall -Werror=format-security -Wp,-D_FORTIFY_SOURCE=2 -Wp,-D_GLIBCXX_ASSERTIONS -fexceptions -fstack-protector-strong -grecord-gcc-switches -specs=/usr/lib/rpm/redhat/redhat-hardened-cc1 -specs=/usr/lib/rpm/redhat/redhat-annobin-cc1 -m64 -mtune=generic -fasynchronous-unwind-tables -fstack-clash-protection -fcf-protection  conftest.c >&5
configure:13589: $? = 0
configure:13589: gcc -c -O2 -g -pipe -Wall -Werror=format-security -Wp,-D_FORTIFY_SOURCE=2 -Wp,-D_GLIBCXX_ASSERTIONS -fexceptions -fstack-protector-strong -grecord-gcc-switches -specs=/usr/lib/rpm/redhat/redhat-hardened-cc1 -specs=/usr/lib/rpm/redhat/redhat-annobin-cc1 -m64 -mtune=generic -fasynchronous-unwind-tables -fstack-clash-protection -fcf-protection  conftest.c >&5
conftest.c: In function 'main':
conftest.c:72:53: warning: integer overflow in expression of type 'long int' results in '-9223372036854775808' [-Woverflow]
    < (int64_t) (((((int64_t) 1 << N) << N) - 1) * 2 + 2))];
                                                     ^
conftest.c:71:12: error: storage size of 'test_array' isn't constant
 static int test_array [1 - 2 * !((int64_t) (((((int64_t) 1 << N) << N) - 1) * 2 + 1)
            ^~~~~~~~~~
conftest.c:71:12: warning: unused variable 'test_array' [-Wunused-variable]
configure:13589: $? = 1
configure: failed program was:
| /* confdefs.h */
| #define PACKAGE_NAME "anaconda"
| #define PACKAGE_TARNAME "anaconda"
| #define PACKAGE_VERSION "33.16.8.9"
| #define PACKAGE_STRING "anaconda 33.16.8.9"
| #define PACKAGE_BUGREPORT "anaconda-devel-list@redhat.com"
| #define PACKAGE_URL ""
| #define PACKAGE "anaconda"
| #define VERSION "33.16.8.9"
| #define BUILD_DATE "08182023"
| #define STDC_HEADERS 1
| #define HAVE_SYS_TYPES_H 1
| #define HAVE_SYS_STAT_H 1
| #define HAVE_STDLIB_H 1
| #define HAVE_STRING_H 1
| #define HAVE_MEMORY_H 1
| #define HAVE_STRINGS_H 1
| #define HAVE_INTTYPES_H 1
| #define HAVE_STDINT_H 1
| #define HAVE_UNISTD_H 1
| #define __EXTENSIONS__ 1
| #define _ALL_SOURCE 1
| #define _GNU_SOURCE 1
| #define _POSIX_PTHREAD_SEMANTICS 1
| #define _TANDEM_SOURCE 1
| #define HAVE_DLFCN_H 1
| #define LT_OBJDIR ".libs/"
| #define HAVE_FCNTL_H 1
| #define HAVE_STDLIB_H 1
| #define HAVE_STRING_H 1
| #define HAVE_SYS_TIME_H 1
| #define HAVE_UNISTD_H 1
| /* end confdefs.h.  */
| #include <stdio.h>
| #ifdef HAVE_SYS_TYPES_H
| # include <sys/types.h>
| #endif
| #ifdef HAVE_SYS_STAT_H
| # include <sys/stat.h>
| #endif
| #ifdef STDC_HEADERS
| # include <stdlib.h>
| # include <stddef.h>
| #else
| # ifdef HAVE_STDLIB_H
| #  include <stdlib.h>
| # endif
| #endif
| #ifdef HAVE_STRING_H
| # if !defined STDC_HEADERS && defined HAVE_MEMORY_H
| #  include <memory.h>
| # endif
| # include <string.h>
| #endif
| #ifdef HAVE_STRINGS_H
| # include <strings.h>
| #endif
| #ifdef HAVE_INTTYPES_H
| # include <inttypes.h>
| #endif
| #ifdef HAVE_STDINT_H
| # include <stdint.h>
| #endif
| #ifdef HAVE_UNISTD_H
| # include <unistd.h>
| #endif
| 	        enum { N = 64 / 2 - 1 };
| int
| main ()
| {
| static int test_array [1 - 2 * !((int64_t) (((((int64_t) 1 << N) << N) - 1) * 2 + 1)
| 		 < (int64_t) (((((int64_t) 1 << N) << N) - 1) * 2 + 2))];
| test_array [0] = 0;
| return test_array [0];
| 
|   ;
|   return 0;
| }
configure:13589: result: yes
configure:13604: checking vfork.h usability
configure:13604: gcc -c -O2 -g -pipe -Wall -Werror=format-security -Wp,-D_FORTIFY_SOURCE=2 -Wp,-D_GLIBCXX_ASSERTIONS -fexceptions -fstack-protector-strong -grecord-gcc-switches -specs=/usr/lib/rpm/redhat/redhat-hardened-cc1 -specs=/usr/lib/rpm/redhat/redhat-annobin-cc1 -m64 -mtune=generic -fasynchronous-unwind-tables -fstack-clash-protection -fcf-protection  conftest.c >&5
conftest.c:67:10: fatal error: vfork.h: No such file or directory
 #include <vfork.h>
          ^~~~~~~~~
compilation terminated.
configure:13604: $? = 1
configure: failed program was:
| /* confdefs.h */
| #define PACKAGE_NAME "anaconda"
| #define PACKAGE_TARNAME "anaconda"
| #define PACKAGE_VERSION "33.16.8.9"
| #define PACKAGE_STRING "anaconda 33.16.8.9"
| #define PACKAGE_BUGREPORT "anaconda-devel-list@redhat.com"
| #define PACKAGE_URL ""
| #define PACKAGE "anaconda"
| #define VERSION "33.16.8.9"
| #define BUILD_DATE "08182023"
| #define STDC_HEADERS 1
| #define HAVE_SYS_TYPES_H 1
| #define HAVE_SYS_STAT_H 1
| #define HAVE_STDLIB_H 1
| #define HAVE_STRING_H 1
| #define HAVE_MEMORY_H 1
| #define HAVE_STRINGS_H 1
| #define HAVE_INTTYPES_H 1
| #define HAVE_STDINT_H 1
| #define HAVE_UNISTD_H 1
| #define __EXTENSIONS__ 1
| #define _ALL_SOURCE 1
| #define _GNU_SOURCE 1
| #define _POSIX_PTHREAD_SEMANTICS 1
| #define _TANDEM_SOURCE 1
| #define HAVE_DLFCN_H 1
| #define LT_OBJDIR ".libs/"
| #define HAVE_FCNTL_H 1
| #define HAVE_STDLIB_H 1
| #define HAVE_STRING_H 1
| #define HAVE_SYS_TIME_H 1
| #define HAVE_UNISTD_H 1
| /* end confdefs.h.  */
| #include <stdio.h>
| #ifdef HAVE_SYS_TYPES_H
| # include <sys/types.h>
| #endif
| #ifdef HAVE_SYS_STAT_H
| # include <sys/stat.h>
| #endif
| #ifdef STDC_HEADERS
| # include <stdlib.h>
| # include <stddef.h>
| #else
| # ifdef HAVE_STDLIB_H
| #  include <stdlib.h>
| # endif
| #endif
| #ifdef HAVE_STRING_H
| # if !defined STDC_HEADERS && defined HAVE_MEMORY_H
| #  include <memory.h>
| # endif
| # include <string.h>
| #endif
| #ifdef HAVE_STRINGS_H
| # include <strings.h>
| #endif
| #ifdef HAVE_INTTYPES_H
| # include <inttypes.h>
| #endif
| #ifdef HAVE_STDINT_H
| # include <stdint.h>
| #endif
| #ifdef HAVE_UNISTD_H
| # include <unistd.h>
| #endif
| #include <vfork.h>
configure:13604: result: no
configure:13604: checking vfork.h presence
configure:13604: gcc -E  conftest.c
conftest.c:34:10: fatal error: vfork.h: No such file or directory
 #include <vfork.h>
          ^~~~~~~~~
compilation terminated.
configure:13604: $? = 1
configure: failed program was:
| /* confdefs.h */
| #define PACKAGE_NAME "anaconda"
| #define PACKAGE_TARNAME "anaconda"
| #define PACKAGE_VERSION "33.16.8.9"
| #define PACKAGE_STRING "anaconda 33.16.8.9"
| #define PACKAGE_BUGREPORT "anaconda-devel-list@redhat.com"
| #define PACKAGE_URL ""
| #define PACKAGE "anaconda"
| #define VERSION "33.16.8.9"
| #define BUILD_DATE "08182023"
| #define STDC_HEADERS 1
| #define HAVE_SYS_TYPES_H 1
| #define HAVE_SYS_STAT_H 1
| #define HAVE_STDLIB_H 1
| #define HAVE_STRING_H 1
| #define HAVE_MEMORY_H 1
| #define HAVE_STRINGS_H 1
| #define HAVE_INTTYPES_H 1
| #define HAVE_STDINT_H 1
| #define HAVE_UNISTD_H 1
| #define __EXTENSIONS__ 1
| #define _ALL_SOURCE 1
| #define _GNU_SOURCE 1
| #define _POSIX_PTHREAD_SEMANTICS 1
| #define _TANDEM_SOURCE 1
| #define HAVE_DLFCN_H 1
| #define LT_OBJDIR ".libs/"
| #define HAVE_FCNTL_H 1
| #define HAVE_STDLIB_H 1
| #define HAVE_STRING_H 1
| #define HAVE_SYS_TIME_H 1
| #define HAVE_UNISTD_H 1
| /* end confdefs.h.  */
| #include <vfork.h>
configure:13604: result: no
configure:13604: checking for vfork.h
configure:13604: result: no
configure:13617: checking for fork
configure:13617: gcc -o conftest -O2 -g -pipe -Wall -Werror=format-security -Wp,-D_FORTIFY_SOURCE=2 -Wp,-D_GLIBCXX_ASSERTIONS -fexceptions -fstack-protector-strong -grecord-gcc-switches -specs=/usr/lib/rpm/redhat/redhat-hardened-cc1 -specs=/usr/lib/rpm/redhat/redhat-annobin-cc1 -m64 -mtune=generic -fasynchronous-unwind-tables -fstack-clash-protection -fcf-protection  -Wl,-z,relro  -Wl,-z,now -specs=/usr/lib/rpm/redhat/redhat-hardened-ld conftest.c  >&5
conftest.c:57:6: warning: conflicting types for built-in function 'fork' [-Wbuiltin-declaration-mismatch]
 char fork ();
      ^~~~
configure:13617: $? = 0
configure:13617: result: yes
configure:13617: checking for vfork
configure:13617: gcc -o conftest -O2 -g -pipe -Wall -Werror=format-security -Wp,-D_FORTIFY_SOURCE=2 -Wp,-D_GLIBCXX_ASSERTIONS -fexceptions -fstack-protector-strong -grecord-gcc-switches -specs=/usr/lib/rpm/redhat/redhat-hardened-cc1 -specs=/usr/lib/rpm/redhat/redhat-annobin-cc1 -m64 -mtune=generic -fasynchronous-unwind-tables -fstack-clash-protection -fcf-protection  -Wl,-z,relro  -Wl,-z,now -specs=/usr/lib/rpm/redhat/redhat-hardened-ld conftest.c  >&5
configure:13617: $? = 0
configure:13617: result: yes
configure:13627: checking for working fork
configure:13649: gcc -o conftest -O2 -g -pipe -Wall -Werror=format-security -Wp,-D_FORTIFY_SOURCE=2 -Wp,-D_GLIBCXX_ASSERTIONS -fexceptions -fstack-protector-strong -grecord-gcc-switches -specs=/usr/lib/rpm/redhat/redhat-hardened-cc1 -specs=/usr/lib/rpm/redhat/redhat-annobin-cc1 -m64 -mtune=generic -fasynchronous-unwind-tables -fstack-clash-protection -fcf-protection  -Wl,-z,relro  -Wl,-z,now -specs=/usr/lib/rpm/redhat/redhat-hardened-ld conftest.c  >&5
configure:13649: $? = 0
configure:13649: ./conftest
configure:13649: $? = 0
configure:13659: result: yes
configure:13680: checking for working vfork
configure:13790: result: yes
configure:13818: checking for getcwd
configure:13818: gcc -o conftest -O2 -g -pipe -Wall -Werror=format-security -Wp,-D_FORTIFY_SOURCE=2 -Wp,-D_GLIBCXX_ASSERTIONS -fexceptions -fstack-protector-strong -grecord-gcc-switches -specs=/usr/lib/rpm/redhat/redhat-hardened-cc1 -specs=/usr/lib/rpm/redhat/redhat-annobin-cc1 -m64 -mtune=generic -fasynchronous-unwind-tables -fstack-clash-protection -fcf-protection  -Wl,-z,relro  -Wl,-z,now -specs=/usr/lib/rpm/redhat/redhat-hardened-ld conftest.c  >&5
configure:13818: $? = 0
configure:13818: result: yes
configure:13818: checking for memset
configure:13818: gcc -o conftest -O2 -g -pipe -Wall -Werror=format-security -Wp,-D_FORTIFY_SOURCE=2 -Wp,-D_GLIBCXX_ASSERTIONS -fexceptions -fstack-protector-strong -grecord-gcc-switches -specs=/usr/lib/rpm/redhat/redhat-hardened-cc1 -specs=/usr/lib/rpm/redhat/redhat-annobin-cc1 -m64 -mtune=generic -fasynchronous-unwind-tables -fstack-clash-protection -fcf-protection  -Wl,-z,relro  -Wl,-z,now -specs=/usr/lib/rpm/redhat/redhat-hardened-ld conftest.c  >&5
conftest.c:62:6: warning: conflicting types for built-in function 'memset' [-Wbuiltin-declaration-mismatch]
 char memset ();
      ^~~~~~
configure:13818: $? = 0
configure:13818: result: yes
configure:13818: checking for mkdir
configure:13818: gcc -o conftest -O2 -g -pipe -Wall -Werror=format-security -Wp,-D_FORTIFY_SOURCE=2 -Wp,-D_GLIBCXX_ASSERTIONS -fexceptions -fstack-protector-strong -grecord-gcc-switches -specs=/usr/lib/rpm/redhat/redhat-hardened-cc1 -specs=/usr/lib/rpm/redhat/redhat-annobin-cc1 -m64 -mtune=generic -fasynchronous-unwind-tables -fstack-clash-protection -fcf-protection  -Wl,-z,relro  -Wl,-z,now -specs=/usr/lib/rpm/redhat/redhat-hardened-ld conftest.c  >&5
configure:13818: $? = 0
configure:13818: result: yes
configure:13818: checking for strchr
configure:13818: gcc -o conftest -O2 -g -pipe -Wall -Werror=format-security -Wp,-D_FORTIFY_SOURCE=2 -Wp,-D_GLIBCXX_ASSERTIONS -fexceptions -fstack-protector-strong -grecord-gcc-switches -specs=/usr/lib/rpm/redhat/redhat-hardened-cc1 -specs=/usr/lib/rpm/redhat/redhat-annobin-cc1 -m64 -mtune=generic -fasynchronous-unwind-tables -fstack-clash-protection -fcf-protection  -Wl,-z,relro  -Wl,-z,now -specs=/usr/lib/rpm/redhat/redhat-hardened-ld conftest.c  >&5
conftest.c:64:6: warning: conflicting types for built-in function 'strchr' [-Wbuiltin-declaration-mismatch]
 char strchr ();
      ^~~~~~
configure:13818: $? = 0
configure:13818: result: yes
configure:13818: checking for strdup
configure:13818: gcc -o conftest -O2 -g -pipe -Wall -Werror=format-security -Wp,-D_FORTIFY_SOURCE=2 -Wp,-D_GLIBCXX_ASSERTIONS -fexceptions -fstack-protector-strong -grecord-gcc-switches -specs=/usr/lib/rpm/redhat/redhat-hardened-cc1 -specs=/usr/lib/rpm/redhat/redhat-annobin-cc1 -m64 -mtune=generic -fasynchronous-unwind-tables -fstack-clash-protection -fcf-protection  -Wl,-z,relro  -Wl,-z,now -specs=/usr/lib/rpm/redhat/redhat-hardened-ld conftest.c  >&5
conftest.c:65:6: warning: conflicting types for built-in function 'strdup' [-Wbuiltin-declaration-mismatch]
 char strdup ();
      ^~~~~~
configure:13818: $? = 0
configure:13818: result: yes
configure:13836: checking for audit_open in -laudit
configure:13861: gcc -o conftest -O2 -g -pipe -Wall -Werror=format-security -Wp,-D_FORTIFY_SOURCE=2 -Wp,-D_GLIBCXX_ASSERTIONS -fexceptions -fstack-protector-strong -grecord-gcc-switches -specs=/usr/lib/rpm/redhat/redhat-hardened-cc1 -specs=/usr/lib/rpm/redhat/redhat-annobin-cc1 -m64 -mtune=generic -fasynchronous-unwind-tables -fstack-clash-protection -fcf-protection  -Wl,-z,relro  -Wl,-z,now -specs=/usr/lib/rpm/redhat/redhat-hardened-ld conftest.c -laudit   >&5
configure:13861: $? = 0
configure:13870: result: yes
configure:13920: checking for a Python interpreter with version >= 3.4
configure:13937: python -c import sys # split strings by '.' and convert to numeric. Append some zeros # because we need at least 4 digits for the hex conversion. # map returns an iterator in Python 3.0 and a list in 2.x minver = list(map(int, '3.4'.split('.'))) + [0, 0, 0] minverhex = 0 # xrange is not present in Python 3.0 and range returns an iterator for i in list(range(0, 4)): minverhex = (minverhex << 8) + minver[i] sys.exit(sys.hexversion < minverhex)
./configure: line 13938: python: command not found
configure:13940: $? = 127
configure:13937: python2 -c import sys # split strings by '.' and convert to numeric. Append some zeros # because we need at least 4 digits for the hex conversion. # map returns an iterator in Python 3.0 and a list in 2.x minver = list(map(int, '3.4'.split('.'))) + [0, 0, 0] minverhex = 0 # xrange is not present in Python 3.0 and range returns an iterator for i in list(range(0, 4)): minverhex = (minverhex << 8) + minver[i] sys.exit(sys.hexversion < minverhex)
./configure: line 13938: python2: command not found
configure:13940: $? = 127
configure:13937: python3 -c import sys # split strings by '.' and convert to numeric. Append some zeros # because we need at least 4 digits for the hex conversion. # map returns an iterator in Python 3.0 and a list in 2.x minver = list(map(int, '3.4'.split('.'))) + [0, 0, 0] minverhex = 0 # xrange is not present in Python 3.0 and range returns an iterator for i in list(range(0, 4)): minverhex = (minverhex << 8) + minver[i] sys.exit(sys.hexversion < minverhex)
configure:13940: $? = 0
configure:13946: result: python3
configure:13954: checking for python3
configure:13972: found /usr/bin/python3
configure:13984: result: /usr/bin/python3
configure:14002: checking for python3 version
configure:14009: result: 3.6
configure:14021: checking for python3 platform
configure:14028: result: linux
configure:14054: checking for python3 script directory
configure:14089: result: ${prefix}/lib/python3.6/site-packages
configure:14098: checking for python3 extension module directory
configure:14133: result: ${exec_prefix}/lib64/python3.6/site-packages
configure:14159: checking for x86_64-redhat-linux-gnu-pkg-config
configure:14177: found /usr/bin/x86_64-redhat-linux-gnu-pkg-config
configure:14189: result: /usr/bin/x86_64-redhat-linux-gnu-pkg-config
configure:14257: checking pkg-config is at least version 0.9.0
configure:14260: result: yes
configure:14270: checking for PYTHON3
configure:14277: $PKG_CONFIG --exists --print-errors "python3"
configure:14280: $? = 0
configure:14294: $PKG_CONFIG --exists --print-errors "python3"
configure:14297: $? = 0
configure:14347: result: yes
configure:14352: checking Python libraries
configure:14372: gcc -o conftest -O2 -g -pipe -Wall -Werror=format-security -Wp,-D_FORTIFY_SOURCE=2 -Wp,-D_GLIBCXX_ASSERTIONS -fexceptions -fstack-protector-strong -grecord-gcc-switches -specs=/usr/lib/rpm/redhat/redhat-hardened-cc1 -specs=/usr/lib/rpm/redhat/redhat-annobin-cc1 -m64 -mtune=generic -fasynchronous-unwind-tables -fstack-clash-protection -fcf-protection  -Wl,-z,relro  -Wl,-z,now -specs=/usr/lib/rpm/redhat/redhat-hardened-ld conftest.c  -lpython3.6m  >&5
configure:14372: $? = 0
configure:14373: result: yes
configure:14395: checking for RPM
configure:14402: $PKG_CONFIG --exists --print-errors "rpm >= 4.10.0"
configure:14405: $? = 0
configure:14419: $PKG_CONFIG --exists --print-errors "rpm >= 4.10.0"
configure:14422: $? = 0
configure:14472: result: yes
configure:14479: checking for LIBARCHIVE
configure:14486: $PKG_CONFIG --exists --print-errors "libarchive >= 3.0.4"
configure:14489: $? = 0
configure:14503: $PKG_CONFIG --exists --print-errors "libarchive >= 3.0.4"
configure:14506: $? = 0
configure:14556: result: yes
configure:14690: checking that generated files are newer than configure
configure:14696: result: done
configure:14723: creating ./config.status

## ---------------------- ##
## Running config.status. ##
## ---------------------- ##

This file was extended by anaconda config.status 33.16.8.9, which was
generated by GNU Autoconf 2.69.  Invocation command line was

  CONFIG_FILES    = 
  CONFIG_HEADERS  = 
  CONFIG_LINKS    = 
  CONFIG_COMMANDS = 
  $ ./config.status 

on rocky8

config.status:1228: creating Makefile
config.status:1228: creating anaconda.spec
config.status:1228: creating data/Makefile
config.status:1228: creating data/command-stubs/Makefile
config.status:1228: creating docs/Makefile
config.status:1228: creating dracut/Makefile
config.status:1228: creating data/conf.d/Makefile
config.status:1228: creating data/product.d/Makefile
config.status:1228: creating data/liveinst/Makefile
config.status:1228: creating data/liveinst/console.apps/Makefile
config.status:1228: creating data/liveinst/gnome/Makefile
config.status:1228: creating data/liveinst/pam.d/Makefile
config.status:1228: creating data/systemd/Makefile
config.status:1228: creating data/dbus/Makefile
config.status:1228: creating data/window-manager/Makefile
config.status:1228: creating data/window-manager/config/Makefile
config.status:1228: creating po/Makefile
config.status:1228: creating scripts/Makefile
config.status:1228: creating pyanaconda/Makefile
config.status:1228: creating pyanaconda/version.py
config.status:1228: creating pyanaconda/core/Makefile
config.status:1228: creating pyanaconda/core/kickstart/Makefile
config.status:1228: creating pyanaconda/core/configuration/Makefile
config.status:1228: creating pyanaconda/core/startup/Makefile
config.status:1228: creating pyanaconda/isys/Makefile
config.status:1228: creating pyanaconda/payload/Makefile
config.status:1228: creating pyanaconda/payload/dnf/Makefile
config.status:1228: creating pyanaconda/payload/live/Makefile
config.status:1228: creating pyanaconda/payload/source/Makefile
config.status:1228: creating pyanaconda/ui/Makefile
config.status:1228: creating pyanaconda/ui/categories/Makefile
config.status:1228: creating pyanaconda/ui/lib/Makefile
config.status:1228: creating pyanaconda/ui/gui/hubs/Makefile
config.status:1228: creating pyanaconda/ui/gui/spokes/Makefile
config.status:1228: creating pyanaconda/ui/gui/spokes/advstorage/Makefile
config.status:1228: creating pyanaconda/ui/gui/spokes/lib/Makefile
config.status:1228: creating pyanaconda/ui/gui/Makefile
config.status:1228: creating pyanaconda/ui/tui/hubs/Makefile
config.status:1228: creating pyanaconda/ui/tui/spokes/Makefile
config.status:1228: creating pyanaconda/ui/tui/Makefile
config.status:1228: creating pyanaconda/modules/Makefile
config.status:1228: creating pyanaconda/modules/common/Makefile
config.status:1228: creating pyanaconda/modules/common/base/Makefile
config.status:1228: creating pyanaconda/modules/common/task/Makefile
config.status:1228: creating pyanaconda/modules/common/errors/Makefile
config.status:1228: creating pyanaconda/modules/common/constants/Makefile
config.status:1228: creating pyanaconda/modules/common/structures/Makefile
config.status:1228: creating pyanaconda/modules/boss/Makefile
config.status:1228: creating pyanaconda/modules/boss/install_manager/Makefile
config.status:1228: creating pyanaconda/modules/boss/kickstart_manager/Makefile
config.status:1228: creating pyanaconda/modules/boss/module_manager/Makefile
config.status:1228: creating pyanaconda/modules/security/Makefile
config.status:1228: creating pyanaconda/modules/timezone/Makefile
config.status:1228: creating pyanaconda/modules/network/Makefile
config.status:1228: creating pyanaconda/modules/network/firewall/Makefile
config.status:1228: creating pyanaconda/modules/localization/Makefile
config.status:1228: creating pyanaconda/modules/users/Makefile
config.status:1228: creating pyanaconda/modules/payloads/Makefile
config.status:1228: creating pyanaconda/modules/payloads/packages/Makefile
config.status:1228: creating pyanaconda/modules/payloads/payload/Makefile
config.status:1228: creating pyanaconda/modules/payloads/payload/dnf/Makefile
config.status:1228: creating pyanaconda/modules/payloads/payload/live_os/Makefile
config.status:1228: creating pyanaconda/modules/payloads/payload/live_image/Makefile
config.status:1228: creating pyanaconda/modules/payloads/base/Makefile
config.status:1228: creating pyanaconda/modules/payloads/source/Makefile
config.status:1228: creating pyanaconda/modules/payloads/source/cdn/Makefile
config.status:1228: creating pyanaconda/modules/payloads/source/cdrom/Makefile
config.status:1228: creating pyanaconda/modules/payloads/source/closest_mirror/Makefile
config.status:1228: creating pyanaconda/modules/payloads/source/harddrive/Makefile
config.status:1228: creating pyanaconda/modules/payloads/source/hmc/Makefile
config.status:1228: creating pyanaconda/modules/payloads/source/live_os/Makefile
config.status:1228: creating pyanaconda/modules/payloads/source/nfs/Makefile
config.status:1228: creating pyanaconda/modules/payloads/source/repo_files/Makefile
config.status:1228: creating pyanaconda/modules/payloads/source/url/Makefile
config.status:1228: creating pyanaconda/modules/storage/Makefile
config.status:1228: creating pyanaconda/modules/storage/bootloader/Makefile
config.status:1228: creating pyanaconda/modules/storage/checker/Makefile
config.status:1228: creating pyanaconda/modules/storage/dasd/Makefile
config.status:1228: creating pyanaconda/modules/storage/devicetree/Makefile
config.status:1228: creating pyanaconda/modules/storage/disk_initialization/Makefile
config.status:1228: creating pyanaconda/modules/storage/disk_selection/Makefile
config.status:1228: creating pyanaconda/modules/storage/fcoe/Makefile
config.status:1228: creating pyanaconda/modules/storage/iscsi/Makefile
config.status:1228: creating pyanaconda/modules/storage/nvdimm/Makefile
config.status:1228: creating pyanaconda/modules/storage/partitioning/Makefile
config.status:1228: creating pyanaconda/modules/storage/partitioning/automatic/Makefile
config.status:1228: creating pyanaconda/modules/storage/partitioning/blivet/Makefile
config.status:1228: creating pyanaconda/modules/storage/partitioning/custom/Makefile
config.status:1228: creating pyanaconda/modules/storage/partitioning/interactive/Makefile
config.status:1228: creating pyanaconda/modules/storage/partitioning/manual/Makefile
config.status:1228: creating pyanaconda/modules/storage/snapshot/Makefile
config.status:1228: creating pyanaconda/modules/storage/zfcp/Makefile
config.status:1228: creating pyanaconda/modules/services/Makefile
config.status:1228: creating pyanaconda/modules/subscription/Makefile
config.status:1228: creating data/post-scripts/Makefile
config.status:1228: creating data/pixmaps/Makefile
config.status:1228: creating tests/Makefile
config.status:1228: creating utils/Makefile
config.status:1228: creating utils/dd/Makefile
config.status:1228: creating config.h
config.status:1457: executing depfiles commands
config.status:1457: executing libtool commands
configure:17031: === configuring in widgets (/root/rpmbuild/BUILD/anaconda-33.16.8.9/widgets)
configure:17094: running /bin/sh ./configure --disable-option-checking '--prefix=/usr'  '--build=x86_64-redhat-linux-gnu' '--host=x86_64-redhat-linux-gnu' '--program-prefix=' '--disable-dependency-tracking' '--exec-prefix=/usr' '--bindir=/usr/bin' '--sbindir=/usr/sbin' '--sysconfdir=/etc' '--datadir=/usr/share' '--includedir=/usr/include' '--libdir=/usr/lib64' '--libexecdir=/usr/libexec' '--localstatedir=/var' '--sharedstatedir=/var/lib' '--mandir=/usr/share/man' '--infodir=/usr/share/info' 'ANACONDA_RELEASE=1.el8.rocky.0.1' 'build_alias=x86_64-redhat-linux-gnu' 'host_alias=x86_64-redhat-linux-gnu' 'CFLAGS=-O2 -g -pipe -Wall -Werror=format-security -Wp,-D_FORTIFY_SOURCE=2 -Wp,-D_GLIBCXX_ASSERTIONS -fexceptions -fstack-protector-strong -grecord-gcc-switches -specs=/usr/lib/rpm/redhat/redhat-hardened-cc1 -specs=/usr/lib/rpm/redhat/redhat-annobin-cc1 -m64 -mtune=generic -fasynchronous-unwind-tables -fstack-clash-protection -fcf-protection' 'LDFLAGS=-Wl,-z,relro  -Wl,-z,now -specs=/usr/lib/rpm/redhat/redhat-hardened-ld' 'PKG_CONFIG_PATH=:/usr/lib64/pkgconfig:/usr/share/pkgconfig' --cache-file=/dev/null --srcdir=.

## ---------------- ##
## Cache variables. ##
## ---------------- ##

ac_cv_build=x86_64-redhat-linux-gnu
ac_cv_c_compiler_gnu=yes
ac_cv_c_int64_t=yes
ac_cv_c_uint32_t=yes
ac_cv_env_ANACONDA_RELEASE_set=set
ac_cv_env_ANACONDA_RELEASE_value=1.el8.rocky.0.1
ac_cv_env_CC_set=
ac_cv_env_CC_value=
ac_cv_env_CFLAGS_set=set
ac_cv_env_CFLAGS_value='-O2 -g -pipe -Wall -Werror=format-security -Wp,-D_FORTIFY_SOURCE=2 -Wp,-D_GLIBCXX_ASSERTIONS -fexceptions -fstack-protector-strong -grecord-gcc-switches -specs=/usr/lib/rpm/redhat/redhat-hardened-cc1 -specs=/usr/lib/rpm/redhat/redhat-annobin-cc1 -m64 -mtune=generic -fasynchronous-unwind-tables -fstack-clash-protection -fcf-protection'
ac_cv_env_CPPFLAGS_set=
ac_cv_env_CPPFLAGS_value=
ac_cv_env_CPP_set=
ac_cv_env_CPP_value=
ac_cv_env_LDFLAGS_set=set
ac_cv_env_LDFLAGS_value='-Wl,-z,relro  -Wl,-z,now -specs=/usr/lib/rpm/redhat/redhat-hardened-ld'
ac_cv_env_LIBARCHIVE_CFLAGS_set=
ac_cv_env_LIBARCHIVE_CFLAGS_value=
ac_cv_env_LIBARCHIVE_LIBS_set=
ac_cv_env_LIBARCHIVE_LIBS_value=
ac_cv_env_LIBS_set=
ac_cv_env_LIBS_value=
ac_cv_env_LT_SYS_LIBRARY_PATH_set=
ac_cv_env_LT_SYS_LIBRARY_PATH_value=
ac_cv_env_PKG_CONFIG_LIBDIR_set=
ac_cv_env_PKG_CONFIG_LIBDIR_value=
ac_cv_env_PKG_CONFIG_PATH_set=set
ac_cv_env_PKG_CONFIG_PATH_value=:/usr/lib64/pkgconfig:/usr/share/pkgconfig
ac_cv_env_PKG_CONFIG_set=
ac_cv_env_PKG_CONFIG_value=
ac_cv_env_PYTHON3_CFLAGS_set=
ac_cv_env_PYTHON3_CFLAGS_value=
ac_cv_env_PYTHON3_LIBS_set=
ac_cv_env_PYTHON3_LIBS_value=
ac_cv_env_PYTHON_set=
ac_cv_env_PYTHON_value=
ac_cv_env_RPM_CFLAGS_set=
ac_cv_env_RPM_CFLAGS_value=
ac_cv_env_RPM_LIBS_set=
ac_cv_env_RPM_LIBS_value=
ac_cv_env_build_alias_set=set
ac_cv_env_build_alias_value=x86_64-redhat-linux-gnu
ac_cv_env_host_alias_set=set
ac_cv_env_host_alias_value=x86_64-redhat-linux-gnu
ac_cv_env_target_alias_set=
ac_cv_env_target_alias_value=
ac_cv_func_fork=yes
ac_cv_func_fork_works=yes
ac_cv_func_getcwd=yes
ac_cv_func_memset=yes
ac_cv_func_mkdir=yes
ac_cv_func_strchr=yes
ac_cv_func_strdup=yes
ac_cv_func_vfork=yes
ac_cv_func_vfork_works=yes
ac_cv_header_dlfcn_h=yes
ac_cv_header_fcntl_h=yes
ac_cv_header_inttypes_h=yes
ac_cv_header_memory_h=yes
ac_cv_header_minix_config_h=no
ac_cv_header_stdc=yes
ac_cv_header_stdint_h=yes
ac_cv_header_stdlib_h=yes
ac_cv_header_string_h=yes
ac_cv_header_strings_h=yes
ac_cv_header_sys_stat_h=yes
ac_cv_header_sys_time_h=yes
ac_cv_header_sys_types_h=yes
ac_cv_header_unistd_h=yes
ac_cv_header_vfork_h=no
ac_cv_host=x86_64-redhat-linux-gnu
ac_cv_lib_audit_audit_open=yes
ac_cv_objext=o
ac_cv_path_EGREP='/usr/bin/grep -E'
ac_cv_path_FGREP='/usr/bin/grep -F'
ac_cv_path_GREP=/usr/bin/grep
ac_cv_path_MSGCAT=/usr/bin/msgcat
ac_cv_path_MSGFMT=/usr/bin/msgfmt
ac_cv_path_MSGMERGE=/usr/bin/msgmerge
ac_cv_path_PKG_CONFIG=/usr/bin/x86_64-redhat-linux-gnu-pkg-config
ac_cv_path_PYTHON=/usr/bin/python3
ac_cv_path_SED=/usr/bin/sed
ac_cv_path_XGETTEXT=/usr/bin/xgettext
ac_cv_path_install='/usr/bin/install -c'
ac_cv_path_lt_DD=/usr/bin/dd
ac_cv_path_mkdir=/usr/bin/mkdir
ac_cv_prog_AWK=gawk
ac_cv_prog_CC=gcc
ac_cv_prog_CPP='gcc -E'
ac_cv_prog_ac_ct_AR=ar
ac_cv_prog_ac_ct_CC=gcc
ac_cv_prog_ac_ct_OBJDUMP=objdump
ac_cv_prog_ac_ct_RANLIB=ranlib
ac_cv_prog_ac_ct_STRIP=strip
ac_cv_prog_cc_c89=
ac_cv_prog_cc_g=yes
ac_cv_prog_make_make_set=yes
ac_cv_safe_to_define___extensions__=yes
ac_cv_sys_file_offset_bits=no
ac_cv_sys_largefile_CC=no
ac_cv_type_pid_t=yes
ac_cv_type_size_t=yes
ac_cv_type_ssize_t=yes
am_cv_CC_dependencies_compiler_type=none
am_cv_make_support_nested_variables=yes
am_cv_pathless_PYTHON=python3
am_cv_prog_cc_c_o=yes
am_cv_prog_tar_ustar=gnutar
am_cv_python_platform=linux
am_cv_python_pyexecdir='${exec_prefix}/lib64/python3.6/site-packages'
am_cv_python_pythondir='${prefix}/lib/python3.6/site-packages'
am_cv_python_version=3.6
lt_cv_ar_at_file=@
lt_cv_archive_cmds_need_lc=no
lt_cv_deplibs_check_method=pass_all
lt_cv_file_magic_cmd='$MAGIC_CMD'
lt_cv_file_magic_test_file=
lt_cv_ld_reload_flag=-r
lt_cv_nm_interface='BSD nm'
lt_cv_objdir=.libs
lt_cv_path_LD=/usr/bin/ld
lt_cv_path_NM='/usr/bin/nm -B'
lt_cv_path_mainfest_tool=no
lt_cv_prog_compiler_c_o=yes
lt_cv_prog_compiler_pic='-fPIC -DPIC'
lt_cv_prog_compiler_pic_works=yes
lt_cv_prog_compiler_rtti_exceptions=no
lt_cv_prog_compiler_static_works=no
lt_cv_prog_gnu_ld=yes
lt_cv_sharedlib_from_linklib_cmd='printf %s\n'
lt_cv_shlibpath_overrides_runpath=no
lt_cv_sys_global_symbol_pipe='sed -n -e '\''s/^.*[	 ]\([ABCDGIRSTW][ABCDGIRSTW]*\)[	 ][	 ]*\([_A-Za-z][_A-Za-z0-9]*\)$/\1 \2 \2/p'\'' | sed '\''/ __gnu_lto/d'\'''
lt_cv_sys_global_symbol_to_c_name_address='sed -n -e '\''s/^: \(.*\) .*$/  {"\1", (void *) 0},/p'\'' -e '\''s/^[ABCDGIRSTW][ABCDGIRSTW]* .* \(.*\)$/  {"\1", (void *) \&\1},/p'\'''
lt_cv_sys_global_symbol_to_c_name_address_lib_prefix='sed -n -e '\''s/^: \(.*\) .*$/  {"\1", (void *) 0},/p'\'' -e '\''s/^[ABCDGIRSTW][ABCDGIRSTW]* .* \(lib.*\)$/  {"\1", (void *) \&\1},/p'\'' -e '\''s/^[ABCDGIRSTW][ABCDGIRSTW]* .* \(.*\)$/  {"lib\1", (void *) \&\1},/p'\'''
lt_cv_sys_global_symbol_to_cdecl='sed -n -e '\''s/^T .* \(.*\)$/extern int \1();/p'\'' -e '\''s/^[ABCDGIRSTW][ABCDGIRSTW]* .* \(.*\)$/extern char \1;/p'\'''
lt_cv_sys_global_symbol_to_import=
lt_cv_sys_max_cmd_len=1572864
lt_cv_to_host_file_cmd=func_convert_file_noop
lt_cv_to_tool_file_cmd=func_convert_file_noop
lt_cv_truncate_bin='/usr/bin/dd bs=4096 count=1'
pkg_cv_LIBARCHIVE_CFLAGS=
pkg_cv_LIBARCHIVE_LIBS='-larchive '
pkg_cv_PYTHON3_CFLAGS='-I/usr/include/python3.6m '
pkg_cv_PYTHON3_LIBS='-lpython3.6m '
pkg_cv_RPM_CFLAGS=
pkg_cv_RPM_LIBS='-lrpm -lrpmio '

## ----------------- ##
## Output variables. ##
## ----------------- ##

ACLOCAL='${SHELL} /root/rpmbuild/BUILD/anaconda-33.16.8.9/missing aclocal-1.16'
AMDEPBACKSLASH=''
AMDEP_FALSE=''
AMDEP_TRUE='#'
AMTAR='$${TAR-tar}'
AM_BACKSLASH='\'
AM_DEFAULT_V='$(AM_DEFAULT_VERBOSITY)'
AM_DEFAULT_VERBOSITY='0'
AM_V='$(V)'
ANACONDA_RELEASE='1.el8.rocky.0.1'
AR='ar'
AUTOCONF='${SHELL} /root/rpmbuild/BUILD/anaconda-33.16.8.9/missing autoconf'
AUTOHEADER='${SHELL} /root/rpmbuild/BUILD/anaconda-33.16.8.9/missing autoheader'
AUTOMAKE='${SHELL} /root/rpmbuild/BUILD/anaconda-33.16.8.9/missing automake-1.16'
AWK='gawk'
CC='gcc'
CCDEPMODE='depmode=none'
CFLAGS='-O2 -g -pipe -Wall -Werror=format-security -Wp,-D_FORTIFY_SOURCE=2 -Wp,-D_GLIBCXX_ASSERTIONS -fexceptions -fstack-protector-strong -grecord-gcc-switches -specs=/usr/lib/rpm/redhat/redhat-hardened-cc1 -specs=/usr/lib/rpm/redhat/redhat-annobin-cc1 -m64 -mtune=generic -fasynchronous-unwind-tables -fstack-clash-protection -fcf-protection -Wall -Werror -Wno-unused-result'
CPP='gcc -E'
CPPFLAGS=''
CYGPATH_W='echo'
DEFS='-DHAVE_CONFIG_H'
DEPDIR='.deps'
DLLTOOL='false'
DSYMUTIL=''
DUMPBIN=''
ECHO_C=''
ECHO_N='-n'
ECHO_T=''
EGREP='/usr/bin/grep -E'
EXEEXT=''
FGREP='/usr/bin/grep -F'
GREP='/usr/bin/grep'
INSTALL_DATA='${INSTALL} -m 644'
INSTALL_PROGRAM='${INSTALL}'
INSTALL_SCRIPT='${INSTALL}'
INSTALL_STRIP_PROGRAM='$(install_sh) -c -s'
LD='/usr/bin/ld -m elf_x86_64'
LDFLAGS='-Wl,-z,relro  -Wl,-z,now -specs=/usr/lib/rpm/redhat/redhat-hardened-ld'
LIBARCHIVE_CFLAGS=''
LIBARCHIVE_LIBS='-larchive '
LIBOBJS=''
LIBS=''
LIBTOOL='$(SHELL) $(top_builddir)/libtool'
LIPO=''
LN_S='ln -s'
LTLIBOBJS=''
LT_SYS_LIBRARY_PATH=''
MAKEINFO='${SHELL} /root/rpmbuild/BUILD/anaconda-33.16.8.9/missing makeinfo'
MANIFEST_TOOL=':'
MKDIR_P='/usr/bin/mkdir -p'
MSGCAT='/usr/bin/msgcat'
MSGFMT='/usr/bin/msgfmt'
MSGMERGE='/usr/bin/msgmerge'
NM='/usr/bin/nm -B'
NMEDIT=''
OBJDUMP='objdump'
OBJEXT='o'
OTOOL64=''
OTOOL=''
PACKAGE='anaconda'
PACKAGE_BUGREPORT='anaconda-devel-list@redhat.com'
PACKAGE_NAME='anaconda'
PACKAGE_RELEASE='1.el8.rocky.0.1'
PACKAGE_STRING='anaconda 33.16.8.9'
PACKAGE_TARNAME='anaconda'
PACKAGE_URL=''
PACKAGE_VERSION='33.16.8.9'
PATH_SEPARATOR=':'
PKG_CONFIG='/usr/bin/x86_64-redhat-linux-gnu-pkg-config'
PKG_CONFIG_LIBDIR=''
PKG_CONFIG_PATH=':/usr/lib64/pkgconfig:/usr/share/pkgconfig'
PYTHON3_CFLAGS='-I/usr/include/python3.6m '
PYTHON3_LIBS='-lpython3.6m '
PYTHON='/usr/bin/python3'
PYTHON_EXEC_PREFIX='${exec_prefix}'
PYTHON_PLATFORM='linux'
PYTHON_PREFIX='${prefix}'
PYTHON_VERSION='3.6'
RANLIB='ranlib'
RPM_CFLAGS=''
RPM_LIBS='-lrpm -lrpmio '
SED='/usr/bin/sed'
SET_MAKE=''
SHELL='/bin/sh'
STRIP='strip'
VERSION='33.16.8.9'
XGETTEXT='/usr/bin/xgettext'
ac_ct_AR='ar'
ac_ct_CC='gcc'
ac_ct_DUMPBIN=''
am__EXEEXT_FALSE=''
am__EXEEXT_TRUE='#'
am__fastdepCC_FALSE=''
am__fastdepCC_TRUE='#'
am__include='include'
am__isrc=''
am__leading_dot='.'
am__nodep=''
am__quote=''
am__tar='tar --format=ustar -chf - "$$tardir"'
am__untar='tar -xf -'
bindir='/usr/bin'
build='x86_64-redhat-linux-gnu'
build_alias='x86_64-redhat-linux-gnu'
build_cpu='x86_64'
build_os='linux-gnu'
build_vendor='redhat'
datadir='/usr/share'
datarootdir='${prefix}/share'
docdir='${datarootdir}/doc/${PACKAGE_TARNAME}'
dvidir='${docdir}'
exec_prefix='/usr'
host='x86_64-redhat-linux-gnu'
host_alias='x86_64-redhat-linux-gnu'
host_cpu='x86_64'
host_os='linux-gnu'
host_vendor='redhat'
htmldir='${docdir}'
includedir='/usr/include'
infodir='/usr/share/info'
install_sh='${SHELL} /root/rpmbuild/BUILD/anaconda-33.16.8.9/install-sh'
libdir='/usr/lib64'
libexecdir='/usr/libexec'
localedir='${datarootdir}/locale'
localstatedir='/var'
mandir='/usr/share/man'
mkdir_p='$(MKDIR_P)'
oldincludedir='/usr/include'
pdfdir='${docdir}'
pkgpyexecdir='${pyexecdir}/anaconda'
pkgpythondir='${pythondir}/anaconda'
prefix='/usr'
program_transform_name='s&^&&'
psdir='${docdir}'
pyexecdir='${exec_prefix}/lib64/python3.6/site-packages'
pythondir='${prefix}/lib/python3.6/site-packages'
sbindir='/usr/sbin'
sharedstatedir='/var/lib'
subdirs=' widgets'
sysconfdir='/etc'
target_alias=''

## ----------- ##
## confdefs.h. ##
## ----------- ##

/* confdefs.h */
#define PACKAGE_NAME "anaconda"
#define PACKAGE_TARNAME "anaconda"
#define PACKAGE_VERSION "33.16.8.9"
#define PACKAGE_STRING "anaconda 33.16.8.9"
#define PACKAGE_BUGREPORT "anaconda-devel-list@redhat.com"
#define PACKAGE_URL ""
#define PACKAGE "anaconda"
#define VERSION "33.16.8.9"
#define BUILD_DATE "08182023"
#define STDC_HEADERS 1
#define HAVE_SYS_TYPES_H 1
#define HAVE_SYS_STAT_H 1
#define HAVE_STDLIB_H 1
#define HAVE_STRING_H 1
#define HAVE_MEMORY_H 1
#define HAVE_STRINGS_H 1
#define HAVE_INTTYPES_H 1
#define HAVE_STDINT_H 1
#define HAVE_UNISTD_H 1
#define __EXTENSIONS__ 1
#define _ALL_SOURCE 1
#define _GNU_SOURCE 1
#define _POSIX_PTHREAD_SEMANTICS 1
#define _TANDEM_SOURCE 1
#define HAVE_DLFCN_H 1
#define LT_OBJDIR ".libs/"
#define HAVE_FCNTL_H 1
#define HAVE_STDLIB_H 1
#define HAVE_STRING_H 1
#define HAVE_SYS_TIME_H 1
#define HAVE_UNISTD_H 1
#define HAVE_FORK 1
#define HAVE_VFORK 1
#define HAVE_WORKING_VFORK 1
#define HAVE_WORKING_FORK 1
#define HAVE_GETCWD 1
#define HAVE_MEMSET 1
#define HAVE_MKDIR 1
#define HAVE_STRCHR 1
#define HAVE_STRDUP 1

configure: exit 0
